Using pre-set license
Built from '2020.3/staging' branch; Version is '2020.3.3f1 (76626098c1c4) revision 7758432'; Using compiler version '192528614'; Build Type 'Release'
OS: 'Windows 10 Pro; OS build 19042.985; Version 2009; 64bit' Language: 'it' Physical Memory: 3000 MB
BatchMode: 1, IsHumanControllingUs: 0, StartBugReporterOnCrash: 0, Is64bit: 1, IsPro: 0

 COMMAND LINE ARGUMENTS:
C:\Program Files\Unity\Hub\Editor\2020.3.3f1\Editor\Unity.exe
-adb2
-batchMode
-noUpm
-name
AssetImportWorker0
-projectPath
C:/Users/HP/Documents/GitHub/A-ReallyPainfulGame/Progetto Finale Informatica A.S. 2020-2021/ARPG (Progetto)
-logFile
Logs/AssetImportWorker0.log
-srvPort
58851
Successfully changed project path to: C:/Users/HP/Documents/GitHub/A-ReallyPainfulGame/Progetto Finale Informatica A.S. 2020-2021/ARPG (Progetto)
C:/Users/HP/Documents/GitHub/A-ReallyPainfulGame/Progetto Finale Informatica A.S. 2020-2021/ARPG (Progetto)
Using Asset Import Pipeline V2.
Refreshing native plugins compatible for Editor in 147.37 ms, found 0 plugins.
Preloading 0 native plugins for Editor in 0.00 ms.
Initialize engine version: 2020.3.3f1 (76626098c1c4)
[Subsystems] Discovering subsystems at path C:/Program Files/Unity/Hub/Editor/2020.3.3f1/Editor/Data/Resources/UnitySubsystems
[Subsystems] Discovering subsystems at path C:/Users/HP/Documents/GitHub/A-ReallyPainfulGame/Progetto Finale Informatica A.S. 2020-2021/ARPG (Progetto)/Assets
GfxDevice: creating device client; threaded=0
Direct3D:
    Version:  Direct3D 11.0 [level 10.0]
    Renderer: Mobile Intel(R) 4 Series Express Chipset Family v2 (ID=0x2a42)
    Vendor:   
    VRAM:     128 MB
    Driver:   8.15.10.2869
Initialize mono
Mono path[0] = 'C:/Program Files/Unity/Hub/Editor/2020.3.3f1/Editor/Data/Managed'
Mono path[1] = 'C:/Program Files/Unity/Hub/Editor/2020.3.3f1/Editor/Data/MonoBleedingEdge/lib/mono/unityjit'
Mono config path = 'C:/Program Files/Unity/Hub/Editor/2020.3.3f1/Editor/Data/MonoBleedingEdge/etc'
Using monoOptions --debugger-agent=transport=dt_socket,embedding=1,server=y,suspend=n,address=127.0.0.1:56128
Begin MonoManager ReloadAssembly
Registering precompiled unity dll's ...
Register platform support module: C:/Program Files/Unity/Hub/Editor/2020.3.3f1/Editor/Data/PlaybackEngines/WindowsStandaloneSupport/UnityEditor.WindowsStandalone.Extensions.dll
Registered in 0.005274 seconds.
Native extension for WindowsStandalone target not found
Refreshing native plugins compatible for Editor in 105.78 ms, found 0 plugins.
Preloading 0 native plugins for Editor in 0.00 ms.
Invoked RoslynAnalysisRunner static constructor.
RoslynAnalysisRunner will not be running.
RoslynAnalysisRunner has terminated.
Mono: successfully reloaded assembly
- Completed reload, in  3.589 seconds
Platform modules already initialized, skipping
Registering precompiled user dll's ...
Registered in 0.005800 seconds.
Begin MonoManager ReloadAssembly
Native extension for WindowsStandalone target not found
Refreshing native plugins compatible for Editor in 1.24 ms, found 0 plugins.
Preloading 0 native plugins for Editor in 0.00 ms.
Invoked RoslynAnalysisRunner static constructor.
RoslynAnalysisRunner will not be running.
RoslynAnalysisRunner has terminated.
Mono: successfully reloaded assembly
- Completed reload, in  3.585 seconds
Platform modules already initialized, skipping
========================================================================
Worker process is ready to serve import requests
Launched and connected shader compiler UnityShaderCompiler.exe after 0.43 seconds
Refreshing native plugins compatible for Editor in 1.11 ms, found 0 plugins.
Preloading 0 native plugins for Editor in 0.00 ms.
Unloading 1711 Unused Serialized files (Serialized files now loaded: 0)
System memory in use before: 75.8 MB.
System memory in use after: 75.9 MB.

Unloading 42 unused Assets to reduce memory usage. Loaded Objects now: 2131.
Total: 13.470700 ms (FindLiveObjects: 0.419600 ms CreateObjectMapping: 0.112500 ms MarkObjects: 12.747000 ms  DeleteObjects: 0.182000 ms)

========================================================================
Received Import Request.
  path: Assets/Audio/Wynncraft Noteblock OST - Face of Extinction (Boss Battle 17).mp3
  artifactKey: Guid(d87d8c6e7c5b46948b13ed29758f4982) Importer(815301076,1909f56bfc062723c751e8b465ee728b)
Start importing Assets/Audio/Wynncraft Noteblock OST - Face of Extinction (Boss Battle 17).mp3 using Guid(d87d8c6e7c5b46948b13ed29758f4982) Importer(815301076,1909f56bfc062723c751e8b465ee728b)  -> (artifact id: '84a4562bed9a4449bcf83e919cc0eed9') in 0.851154 seconds
  Import took 0.881465 seconds .

========================================================================
Received Prepare
Registering precompiled user dll's ...
Registered in 0.012731 seconds.
Begin MonoManager ReloadAssembly
Native extension for WindowsStandalone target not found
Refreshing native plugins compatible for Editor in 1.43 ms, found 0 plugins.
Preloading 0 native plugins for Editor in 0.00 ms.
Invoked RoslynAnalysisRunner static constructor.
RoslynAnalysisRunner will not be running.
RoslynAnalysisRunner has terminated.
Mono: successfully reloaded assembly
- Completed reload, in  4.024 seconds
Platform modules already initialized, skipping
Refreshing native plugins compatible for Editor in 1.30 ms, found 0 plugins.
Preloading 0 native plugins for Editor in 0.00 ms.
Unloading 1694 Unused Serialized files (Serialized files now loaded: 0)
System memory in use before: 77.7 MB.
System memory in use after: 77.8 MB.

Unloading 33 unused Assets to reduce memory usage. Loaded Objects now: 2143.
Total: 17.963500 ms (FindLiveObjects: 0.433000 ms CreateObjectMapping: 0.116700 ms MarkObjects: 17.333900 ms  DeleteObjects: 0.069500 ms)

========================================================================
Received Import Request.
  Time since last request: 321.991206 seconds.
  path: Assets/Prefabs/Player.prefab
  artifactKey: Guid(b687d8ea624e12a43b36a964fe0c8167) Importer(815301076,1909f56bfc062723c751e8b465ee728b)
Start importing Assets/Prefabs/Player.prefab using Guid(b687d8ea624e12a43b36a964fe0c8167) Importer(815301076,1909f56bfc062723c751e8b465ee728b)  -> (artifact id: 'ca49726eaaf4e5361e33d65c1ca6fe61') in 0.770089 seconds
  Import took 0.821216 seconds .

========================================================================
Received Import Request.
  Time since last request: 941.716220 seconds.
  path: Assets/Animations/CanyonColossus/Colossus/hand_colliders.controller
  artifactKey: Guid(9ee239ce51abc654fa7f3ef33b4252de) Importer(815301076,1909f56bfc062723c751e8b465ee728b)
Start importing Assets/Animations/CanyonColossus/Colossus/hand_colliders.controller using Guid(9ee239ce51abc654fa7f3ef33b4252de) Importer(815301076,1909f56bfc062723c751e8b465ee728b)  -> (artifact id: '087195d8a99048c35988cd552d85d255') in 0.677484 seconds
  Import took 0.788320 seconds .

========================================================================
Received Prepare
Registering precompiled user dll's ...
Registered in 0.005187 seconds.
Begin MonoManager ReloadAssembly
Native extension for WindowsStandalone target not found
Refreshing native plugins compatible for Editor in 1.73 ms, found 0 plugins.
Preloading 0 native plugins for Editor in 0.00 ms.
Invoked RoslynAnalysisRunner static constructor.
RoslynAnalysisRunner will not be running.
RoslynAnalysisRunner has terminated.
Mono: successfully reloaded assembly
- Completed reload, in  4.072 seconds
Platform modules already initialized, skipping
Refreshing native plugins compatible for Editor in 1.23 ms, found 0 plugins.
Preloading 0 native plugins for Editor in 0.00 ms.
Unloading 1694 Unused Serialized files (Serialized files now loaded: 0)
System memory in use before: 77.8 MB.
System memory in use after: 77.9 MB.

Unloading 33 unused Assets to reduce memory usage. Loaded Objects now: 2147.
Total: 25.539400 ms (FindLiveObjects: 0.424700 ms CreateObjectMapping: 0.112200 ms MarkObjects: 24.916400 ms  DeleteObjects: 0.074700 ms)

========================================================================
Received Prepare
Registering precompiled user dll's ...
Registered in 0.006657 seconds.
Begin MonoManager ReloadAssembly
Native extension for WindowsStandalone target not found
Refreshing native plugins compatible for Editor in 1.44 ms, found 0 plugins.
Preloading 0 native plugins for Editor in 0.00 ms.
Invoked RoslynAnalysisRunner static constructor.
RoslynAnalysisRunner will not be running.
RoslynAnalysisRunner has terminated.
Mono: successfully reloaded assembly
- Completed reload, in  2.635 seconds
Platform modules already initialized, skipping
Refreshing native plugins compatible for Editor in 1.20 ms, found 0 plugins.
Preloading 0 native plugins for Editor in 0.00 ms.
Unloading 1694 Unused Serialized files (Serialized files now loaded: 0)
System memory in use before: 77.8 MB.
System memory in use after: 77.9 MB.

Unloading 33 unused Assets to reduce memory usage. Loaded Objects now: 2150.
Total: 11.755100 ms (FindLiveObjects: 0.417200 ms CreateObjectMapping: 0.108900 ms MarkObjects: 11.162700 ms  DeleteObjects: 0.055100 ms)

========================================================================
Received Prepare
Registering precompiled user dll's ...
Registered in 0.005825 seconds.
Begin MonoManager ReloadAssembly
Native extension for WindowsStandalone target not found
Refreshing native plugins compatible for Editor in 1.31 ms, found 0 plugins.
Preloading 0 native plugins for Editor in 0.00 ms.
Invoked RoslynAnalysisRunner static constructor.
RoslynAnalysisRunner will not be running.
RoslynAnalysisRunner has terminated.
Mono: successfully reloaded assembly
- Completed reload, in  3.287 seconds
Platform modules already initialized, skipping
Refreshing native plugins compatible for Editor in 1.48 ms, found 0 plugins.
Preloading 0 native plugins for Editor in 0.00 ms.
Unloading 1694 Unused Serialized files (Serialized files now loaded: 0)
System memory in use before: 77.8 MB.
System memory in use after: 77.9 MB.

Unloading 33 unused Assets to reduce memory usage. Loaded Objects now: 2153.
Total: 13.869300 ms (FindLiveObjects: 0.465500 ms CreateObjectMapping: 0.117100 ms MarkObjects: 13.215700 ms  DeleteObjects: 0.059500 ms)

========================================================================
Received Prepare
Registering precompiled user dll's ...
Registered in 0.012739 seconds.
Begin MonoManager ReloadAssembly
Native extension for WindowsStandalone target not found
Refreshing native plugins compatible for Editor in 1.47 ms, found 0 plugins.
Preloading 0 native plugins for Editor in 0.00 ms.
Invoked RoslynAnalysisRunner static constructor.
RoslynAnalysisRunner will not be running.
RoslynAnalysisRunner has terminated.
Mono: successfully reloaded assembly
- Completed reload, in  2.914 seconds
Platform modules already initialized, skipping
Refreshing native plugins compatible for Editor in 1.32 ms, found 0 plugins.
Preloading 0 native plugins for Editor in 0.00 ms.
Unloading 1694 Unused Serialized files (Serialized files now loaded: 0)
System memory in use before: 77.8 MB.
System memory in use after: 77.9 MB.

Unloading 33 unused Assets to reduce memory usage. Loaded Objects now: 2156.
Total: 13.718400 ms (FindLiveObjects: 0.537300 ms CreateObjectMapping: 0.138900 ms MarkObjects: 12.975000 ms  DeleteObjects: 0.057800 ms)

========================================================================
Received Prepare
Registering precompiled user dll's ...
Registered in 0.005935 seconds.
Begin MonoManager ReloadAssembly
Native extension for WindowsStandalone target not found
Refreshing native plugins compatible for Editor in 6.88 ms, found 0 plugins.
Preloading 0 native plugins for Editor in 0.00 ms.
Invoked RoslynAnalysisRunner static constructor.
RoslynAnalysisRunner will not be running.
RoslynAnalysisRunner has terminated.
Mono: successfully reloaded assembly
- Completed reload, in  5.195 seconds
Platform modules already initialized, skipping
Refreshing native plugins compatible for Editor in 1.34 ms, found 0 plugins.
Preloading 0 native plugins for Editor in 0.00 ms.
Unloading 1694 Unused Serialized files (Serialized files now loaded: 0)
System memory in use before: 77.8 MB.
System memory in use after: 77.9 MB.

Unloading 33 unused Assets to reduce memory usage. Loaded Objects now: 2159.
Total: 27.300800 ms (FindLiveObjects: 0.497400 ms CreateObjectMapping: 0.114400 ms MarkObjects: 26.608000 ms  DeleteObjects: 0.069900 ms)

========================================================================
Received Prepare
Registering precompiled user dll's ...
Registered in 0.006091 seconds.
Begin MonoManager ReloadAssembly
Native extension for WindowsStandalone target not found
Refreshing native plugins compatible for Editor in 1.37 ms, found 0 plugins.
Preloading 0 native plugins for Editor in 0.00 ms.
Invoked RoslynAnalysisRunner static constructor.
RoslynAnalysisRunner will not be running.
RoslynAnalysisRunner has terminated.
Mono: successfully reloaded assembly
- Completed reload, in  4.466 seconds
Platform modules already initialized, skipping
Refreshing native plugins compatible for Editor in 1.21 ms, found 0 plugins.
Preloading 0 native plugins for Editor in 0.00 ms.
Unloading 1694 Unused Serialized files (Serialized files now loaded: 0)
System memory in use before: 77.8 MB.
System memory in use after: 77.9 MB.

Unloading 33 unused Assets to reduce memory usage. Loaded Objects now: 2162.
Total: 12.294200 ms (FindLiveObjects: 0.822600 ms CreateObjectMapping: 0.125600 ms MarkObjects: 11.273600 ms  DeleteObjects: 0.062800 ms)

========================================================================
Received Prepare
Registering precompiled user dll's ...
Registered in 0.005848 seconds.
Begin MonoManager ReloadAssembly
Native extension for WindowsStandalone target not found
Refreshing native plugins compatible for Editor in 1.41 ms, found 0 plugins.
Preloading 0 native plugins for Editor in 0.00 ms.
Invoked RoslynAnalysisRunner static constructor.
RoslynAnalysisRunner will not be running.
RoslynAnalysisRunner has terminated.
Mono: successfully reloaded assembly
- Completed reload, in  5.737 seconds
Platform modules already initialized, skipping
Refreshing native plugins compatible for Editor in 2.17 ms, found 0 plugins.
Preloading 0 native plugins for Editor in 0.00 ms.
Unloading 1694 Unused Serialized files (Serialized files now loaded: 0)
System memory in use before: 77.8 MB.
System memory in use after: 77.9 MB.

Unloading 33 unused Assets to reduce memory usage. Loaded Objects now: 2165.
Total: 29.182900 ms (FindLiveObjects: 0.478700 ms CreateObjectMapping: 0.141000 ms MarkObjects: 28.473600 ms  DeleteObjects: 0.078900 ms)

========================================================================
Received Prepare
Registering precompiled user dll's ...
Registered in 0.005651 seconds.
Begin MonoManager ReloadAssembly
Native extension for WindowsStandalone target not found
Refreshing native plugins compatible for Editor in 1.60 ms, found 0 plugins.
Preloading 0 native plugins for Editor in 0.00 ms.
Invoked RoslynAnalysisRunner static constructor.
RoslynAnalysisRunner will not be running.
RoslynAnalysisRunner has terminated.
Mono: successfully reloaded assembly
- Completed reload, in  3.352 seconds
Platform modules already initialized, skipping
Refreshing native plugins compatible for Editor in 1.20 ms, found 0 plugins.
Preloading 0 native plugins for Editor in 0.00 ms.
Unloading 1694 Unused Serialized files (Serialized files now loaded: 0)
System memory in use before: 77.8 MB.
System memory in use after: 77.9 MB.

Unloading 33 unused Assets to reduce memory usage. Loaded Objects now: 2168.
Total: 11.750600 ms (FindLiveObjects: 0.420100 ms CreateObjectMapping: 0.112700 ms MarkObjects: 11.153400 ms  DeleteObjects: 0.054700 ms)

========================================================================
Received Prepare
Registering precompiled user dll's ...
Registered in 0.006099 seconds.
Begin MonoManager ReloadAssembly
Native extension for WindowsStandalone target not found
Refreshing native plugins compatible for Editor in 1.33 ms, found 0 plugins.
Preloading 0 native plugins for Editor in 0.00 ms.
Invoked RoslynAnalysisRunner static constructor.
RoslynAnalysisRunner will not be running.
RoslynAnalysisRunner has terminated.
Mono: successfully reloaded assembly
- Completed reload, in  2.957 seconds
Platform modules already initialized, skipping
Refreshing native plugins compatible for Editor in 1.27 ms, found 0 plugins.
Preloading 0 native plugins for Editor in 0.00 ms.
Unloading 1694 Unused Serialized files (Serialized files now loaded: 0)
System memory in use before: 77.8 MB.
System memory in use after: 78.0 MB.

Unloading 33 unused Assets to reduce memory usage. Loaded Objects now: 2171.
Total: 13.793900 ms (FindLiveObjects: 0.506500 ms CreateObjectMapping: 0.121000 ms MarkObjects: 13.093900 ms  DeleteObjects: 0.062700 ms)

========================================================================
Received Prepare
Registering precompiled user dll's ...
Registered in 0.007397 seconds.
Begin MonoManager ReloadAssembly
Native extension for WindowsStandalone target not found
Refreshing native plugins compatible for Editor in 1.33 ms, found 0 plugins.
Preloading 0 native plugins for Editor in 0.00 ms.
Invoked RoslynAnalysisRunner static constructor.
RoslynAnalysisRunner will not be running.
RoslynAnalysisRunner has terminated.
Mono: successfully reloaded assembly
- Completed reload, in  2.953 seconds
Platform modules already initialized, skipping
Refreshing native plugins compatible for Editor in 1.84 ms, found 0 plugins.
Preloading 0 native plugins for Editor in 0.00 ms.
Unloading 1694 Unused Serialized files (Serialized files now loaded: 0)
System memory in use before: 77.8 MB.
System memory in use after: 78.0 MB.

Unloading 33 unused Assets to reduce memory usage. Loaded Objects now: 2174.
Total: 13.259200 ms (FindLiveObjects: 0.952800 ms CreateObjectMapping: 0.131100 ms MarkObjects: 12.111700 ms  DeleteObjects: 0.054100 ms)

========================================================================
Received Prepare
Registering precompiled user dll's ...
Registered in 0.006258 seconds.
Begin MonoManager ReloadAssembly
Native extension for WindowsStandalone target not found
Refreshing native plugins compatible for Editor in 2.79 ms, found 0 plugins.
Preloading 0 native plugins for Editor in 0.00 ms.
Invoked RoslynAnalysisRunner static constructor.
RoslynAnalysisRunner will not be running.
RoslynAnalysisRunner has terminated.
Mono: successfully reloaded assembly
- Completed reload, in  3.144 seconds
Platform modules already initialized, skipping
Refreshing native plugins compatible for Editor in 1.32 ms, found 0 plugins.
Preloading 0 native plugins for Editor in 0.00 ms.
Unloading 1695 Unused Serialized files (Serialized files now loaded: 0)
System memory in use before: 77.9 MB.
System memory in use after: 78.0 MB.

Unloading 33 unused Assets to reduce memory usage. Loaded Objects now: 2178.
Total: 19.623800 ms (FindLiveObjects: 0.877400 ms CreateObjectMapping: 0.151000 ms MarkObjects: 18.524200 ms  DeleteObjects: 0.059200 ms)

========================================================================
Received Prepare
Registering precompiled user dll's ...
Registered in 0.005604 seconds.
Begin MonoManager ReloadAssembly
Native extension for WindowsStandalone target not found
Refreshing native plugins compatible for Editor in 1.21 ms, found 0 plugins.
Preloading 0 native plugins for Editor in 0.00 ms.
Invoked RoslynAnalysisRunner static constructor.
RoslynAnalysisRunner will not be running.
RoslynAnalysisRunner has terminated.
Mono: successfully reloaded assembly
- Completed reload, in  2.553 seconds
Platform modules already initialized, skipping
Refreshing native plugins compatible for Editor in 1.25 ms, found 0 plugins.
Preloading 0 native plugins for Editor in 0.00 ms.
Unloading 1695 Unused Serialized files (Serialized files now loaded: 0)
System memory in use before: 77.9 MB.
System memory in use after: 78.0 MB.

Unloading 33 unused Assets to reduce memory usage. Loaded Objects now: 2181.
Total: 11.986800 ms (FindLiveObjects: 0.460600 ms CreateObjectMapping: 0.114200 ms MarkObjects: 11.330000 ms  DeleteObjects: 0.071600 ms)

========================================================================
Received Prepare
Registering precompiled user dll's ...
Registered in 0.005398 seconds.
Begin MonoManager ReloadAssembly
Native extension for WindowsStandalone target not found
Refreshing native plugins compatible for Editor in 1.33 ms, found 0 plugins.
Preloading 0 native plugins for Editor in 0.00 ms.
Invoked RoslynAnalysisRunner static constructor.
RoslynAnalysisRunner will not be running.
RoslynAnalysisRunner has terminated.
Mono: successfully reloaded assembly
- Completed reload, in  3.375 seconds
Platform modules already initialized, skipping
Refreshing native plugins compatible for Editor in 1.24 ms, found 0 plugins.
Preloading 0 native plugins for Editor in 0.00 ms.
Unloading 1695 Unused Serialized files (Serialized files now loaded: 0)
System memory in use before: 77.9 MB.
System memory in use after: 78.0 MB.

Unloading 33 unused Assets to reduce memory usage. Loaded Objects now: 2184.
Total: 11.864900 ms (FindLiveObjects: 0.587500 ms CreateObjectMapping: 0.124300 ms MarkObjects: 11.087500 ms  DeleteObjects: 0.056400 ms)

========================================================================
Received Import Request.
  Time since last request: 2519.643672 seconds.
  path: Assets/Prefabs/Explosion.prefab
  artifactKey: Guid(4748361a6db46494487086cffdc0b8c5) Importer(815301076,1909f56bfc062723c751e8b465ee728b)
Start importing Assets/Prefabs/Explosion.prefab using Guid(4748361a6db46494487086cffdc0b8c5) Importer(815301076,1909f56bfc062723c751e8b465ee728b)  -> (artifact id: 'dfef03b71e497cd0b805f2c5a1e088ab') in 1.016217 seconds
  Import took 1.055342 seconds .

========================================================================
Received Prepare
Registering precompiled user dll's ...
Registered in 0.037192 seconds.
Begin MonoManager ReloadAssembly
Native extension for WindowsStandalone target not found
Refreshing native plugins compatible for Editor in 1.41 ms, found 0 plugins.
Preloading 0 native plugins for Editor in 0.00 ms.
Invoked RoslynAnalysisRunner static constructor.
RoslynAnalysisRunner will not be running.
RoslynAnalysisRunner has terminated.
Mono: successfully reloaded assembly
- Completed reload, in  3.108 seconds
Platform modules already initialized, skipping
Refreshing native plugins compatible for Editor in 1.37 ms, found 0 plugins.
Preloading 0 native plugins for Editor in 0.00 ms.
Unloading 1695 Unused Serialized files (Serialized files now loaded: 0)
System memory in use before: 77.9 MB.
System memory in use after: 78.0 MB.

Unloading 33 unused Assets to reduce memory usage. Loaded Objects now: 2187.
Total: 18.948100 ms (FindLiveObjects: 0.490500 ms CreateObjectMapping: 0.115600 ms MarkObjects: 18.254600 ms  DeleteObjects: 0.076900 ms)

========================================================================
Received Import Request.
  Time since last request: 174.021882 seconds.
  path: Assets/Prefabs/Explosion.prefab
  artifactKey: Guid(4748361a6db46494487086cffdc0b8c5) Importer(815301076,1909f56bfc062723c751e8b465ee728b)
Start importing Assets/Prefabs/Explosion.prefab using Guid(4748361a6db46494487086cffdc0b8c5) Importer(815301076,1909f56bfc062723c751e8b465ee728b)  -> (artifact id: 'a569480bfc4236c54132a0cc6075a29c') in 0.216643 seconds
  Import took 0.257713 seconds .

========================================================================
Received Prepare
Registering precompiled user dll's ...
Registered in 0.018520 seconds.
Begin MonoManager ReloadAssembly
Native extension for WindowsStandalone target not found
Refreshing native plugins compatible for Editor in 1.19 ms, found 0 plugins.
Preloading 0 native plugins for Editor in 0.00 ms.
Invoked RoslynAnalysisRunner static constructor.
RoslynAnalysisRunner will not be running.
RoslynAnalysisRunner has terminated.
Mono: successfully reloaded assembly
- Completed reload, in  2.714 seconds
Platform modules already initialized, skipping
Refreshing native plugins compatible for Editor in 1.24 ms, found 0 plugins.
Preloading 0 native plugins for Editor in 0.00 ms.
Unloading 1695 Unused Serialized files (Serialized files now loaded: 0)
System memory in use before: 77.9 MB.
System memory in use after: 78.0 MB.

Unloading 33 unused Assets to reduce memory usage. Loaded Objects now: 2190.
Total: 13.400400 ms (FindLiveObjects: 0.610800 ms CreateObjectMapping: 0.138400 ms MarkObjects: 12.581500 ms  DeleteObjects: 0.058900 ms)

========================================================================
Received Import Request.
  Time since last request: 184.236110 seconds.
  path: Assets/Animations/CanyonColossus/Colossus/hand_colliders.controller
  artifactKey: Guid(9ee239ce51abc654fa7f3ef33b4252de) Importer(815301076,1909f56bfc062723c751e8b465ee728b)
Start importing Assets/Animations/CanyonColossus/Colossus/hand_colliders.controller using Guid(9ee239ce51abc654fa7f3ef33b4252de) Importer(815301076,1909f56bfc062723c751e8b465ee728b)  -> (artifact id: 'ee801d9d3c7c257aebd4bbd90e9d4425') in 0.475250 seconds
  Import took 0.520327 seconds .

========================================================================
Received Import Request.
  Time since last request: 5.948570 seconds.
  path: Assets/Animations/CanyonColossus/Colossus/Colossus_Phase2.anim
  artifactKey: Guid(ec71a9dbcb43dd24ab422b7016e95418) Importer(815301076,1909f56bfc062723c751e8b465ee728b)
Start importing Assets/Animations/CanyonColossus/Colossus/Colossus_Phase2.anim using Guid(ec71a9dbcb43dd24ab422b7016e95418) Importer(815301076,1909f56bfc062723c751e8b465ee728b)  -> (artifact id: '6d67dbcd1067576c0da3bfe714b525c4') in 0.387676 seconds
  Import took 0.434699 seconds .

========================================================================
Received Import Request.
  Time since last request: 2.631556 seconds.
  path: Assets/Animations/CanyonColossus/Colossus/projectile_sprites.controller
  artifactKey: Guid(4f86b58620b60444ba8dbc9662b5c79e) Importer(815301076,1909f56bfc062723c751e8b465ee728b)
Start importing Assets/Animations/CanyonColossus/Colossus/projectile_sprites.controller using Guid(4f86b58620b60444ba8dbc9662b5c79e) Importer(815301076,1909f56bfc062723c751e8b465ee728b)  -> (artifact id: '7617339a7de95a9eb5b705d0287940cc') in 0.077822 seconds
  Import took 0.116413 seconds .

========================================================================
Received Import Request.
  Time since last request: 0.999272 seconds.
  path: Assets/Animations/CanyonColossus/Colossus/GreenProjectile_Fire.anim
  artifactKey: Guid(314a60fa489803d4da637a23fbd4334c) Importer(815301076,1909f56bfc062723c751e8b465ee728b)
Start importing Assets/Animations/CanyonColossus/Colossus/GreenProjectile_Fire.anim using Guid(314a60fa489803d4da637a23fbd4334c) Importer(815301076,1909f56bfc062723c751e8b465ee728b)  -> (artifact id: 'b0f24670d88467b93ad667a03f7c7b8a') in 0.082665 seconds
  Import took 0.105990 seconds .

========================================================================
Received Import Request.
  Time since last request: 0.473013 seconds.
  path: Assets/Animations/CanyonColossus/Colossus/colossus_sprites.controller
  artifactKey: Guid(f7f1c8f0abf66cd4dbb9c5c55084a45d) Importer(815301076,1909f56bfc062723c751e8b465ee728b)
Start importing Assets/Animations/CanyonColossus/Colossus/colossus_sprites.controller using Guid(f7f1c8f0abf66cd4dbb9c5c55084a45d) Importer(815301076,1909f56bfc062723c751e8b465ee728b)  -> (artifact id: 'b58ddc5080a75b2fb23eaef568658669') in 0.303896 seconds
  Import took 0.342180 seconds .

========================================================================
Received Import Request.
  Time since last request: 7.995671 seconds.
  path: Assets/Animations/CanyonColossus/Colossal Core/colossalCore_sprites.controller
  artifactKey: Guid(60e09a0c1e6608243941445b9f8a2aac) Importer(815301076,1909f56bfc062723c751e8b465ee728b)
Start importing Assets/Animations/CanyonColossus/Colossal Core/colossalCore_sprites.controller using Guid(60e09a0c1e6608243941445b9f8a2aac) Importer(815301076,1909f56bfc062723c751e8b465ee728b)  -> (artifact id: '48bd434024dd1c5385e455df12a6dfe0') in 0.322885 seconds
  Import took 0.341475 seconds .

========================================================================
Received Import Request.
  Time since last request: 23.004138 seconds.
  path: Assets/Animations/CanyonColossus/Colossus/ColossalHand_ExplodeSpell.anim
  artifactKey: Guid(9546d09e1bcab194e92b890ac15c07ee) Importer(815301076,1909f56bfc062723c751e8b465ee728b)
Start importing Assets/Animations/CanyonColossus/Colossus/ColossalHand_ExplodeSpell.anim using Guid(9546d09e1bcab194e92b890ac15c07ee) Importer(815301076,1909f56bfc062723c751e8b465ee728b)  -> (artifact id: 'd69671078b3850075a91be94177e30b8') in 0.263154 seconds
  Import took 0.302643 seconds .

========================================================================
Received Import Request.
  Time since last request: 4.851627 seconds.
  path: Assets/Animations/CanyonColossus/Colossus/ColossalHand_Destroy.anim
  artifactKey: Guid(1a016d29900b34041ba2beef7313c586) Importer(815301076,1909f56bfc062723c751e8b465ee728b)
Start importing Assets/Animations/CanyonColossus/Colossus/ColossalHand_Destroy.anim using Guid(1a016d29900b34041ba2beef7313c586) Importer(815301076,1909f56bfc062723c751e8b465ee728b)  -> (artifact id: '9c053f711a87d9996639d0677907652d') in 0.280376 seconds
  Import took 0.323021 seconds .

========================================================================
Received Prepare
Registering precompiled user dll's ...
Registered in 0.008038 seconds.
Begin MonoManager ReloadAssembly
Native extension for WindowsStandalone target not found
Refreshing native plugins compatible for Editor in 1.96 ms, found 0 plugins.
Preloading 0 native plugins for Editor in 0.00 ms.
Invoked RoslynAnalysisRunner static constructor.
RoslynAnalysisRunner will not be running.
RoslynAnalysisRunner has terminated.
Mono: successfully reloaded assembly
- Completed reload, in  6.992 seconds
Platform modules already initialized, skipping
Refreshing native plugins compatible for Editor in 1.41 ms, found 0 plugins.
Preloading 0 native plugins for Editor in 0.00 ms.
Unloading 1695 Unused Serialized files (Serialized files now loaded: 0)
System memory in use before: 77.9 MB.
System memory in use after: 78.0 MB.

Unloading 33 unused Assets to reduce memory usage. Loaded Objects now: 2193.
Total: 23.934500 ms (FindLiveObjects: 0.492100 ms CreateObjectMapping: 0.115200 ms MarkObjects: 23.218700 ms  DeleteObjects: 0.097600 ms)

========================================================================
Received Prepare
Registering precompiled user dll's ...
Registered in 0.290459 seconds.
Begin MonoManager ReloadAssembly
Native extension for WindowsStandalone target not found
Refreshing native plugins compatible for Editor in 1.19 ms, found 0 plugins.
Preloading 0 native plugins for Editor in 0.00 ms.
Invoked RoslynAnalysisRunner static constructor.
RoslynAnalysisRunner will not be running.
RoslynAnalysisRunner has terminated.
Mono: successfully reloaded assembly
- Completed reload, in  2.753 seconds
Platform modules already initialized, skipping
Refreshing native plugins compatible for Editor in 1.60 ms, found 0 plugins.
Preloading 0 native plugins for Editor in 0.00 ms.
Unloading 1695 Unused Serialized files (Serialized files now loaded: 0)
System memory in use before: 77.9 MB.
System memory in use after: 78.0 MB.

Unloading 33 unused Assets to reduce memory usage. Loaded Objects now: 2196.
Total: 11.800600 ms (FindLiveObjects: 0.504200 ms CreateObjectMapping: 0.123400 ms MarkObjects: 11.101600 ms  DeleteObjects: 0.059600 ms)

========================================================================
Received Prepare
Registering precompiled user dll's ...
Registered in 0.007269 seconds.
Begin MonoManager ReloadAssembly
Native extension for WindowsStandalone target not found
Refreshing native plugins compatible for Editor in 1.19 ms, found 0 plugins.
Preloading 0 native plugins for Editor in 0.00 ms.
Invoked RoslynAnalysisRunner static constructor.
RoslynAnalysisRunner will not be running.
RoslynAnalysisRunner has terminated.
Mono: successfully reloaded assembly
- Completed reload, in  3.216 seconds
Platform modules already initialized, skipping
Refreshing native plugins compatible for Editor in 1.23 ms, found 0 plugins.
Preloading 0 native plugins for Editor in 0.00 ms.
Unloading 1695 Unused Serialized files (Serialized files now loaded: 0)
System memory in use before: 77.9 MB.
System memory in use after: 78.0 MB.

Unloading 33 unused Assets to reduce memory usage. Loaded Objects now: 2199.
Total: 13.279300 ms (FindLiveObjects: 0.432300 ms CreateObjectMapping: 0.110900 ms MarkObjects: 12.661500 ms  DeleteObjects: 0.064400 ms)

========================================================================
Received Prepare
Registering precompiled user dll's ...
Registered in 0.005113 seconds.
Begin MonoManager ReloadAssembly
Native extension for WindowsStandalone target not found
Refreshing native plugins compatible for Editor in 1.24 ms, found 0 plugins.
Preloading 0 native plugins for Editor in 0.00 ms.
Invoked RoslynAnalysisRunner static constructor.
RoslynAnalysisRunner will not be running.
RoslynAnalysisRunner has terminated.
Mono: successfully reloaded assembly
- Completed reload, in  2.603 seconds
Platform modules already initialized, skipping
Refreshing native plugins compatible for Editor in 1.23 ms, found 0 plugins.
Preloading 0 native plugins for Editor in 0.00 ms.
Unloading 1695 Unused Serialized files (Serialized files now loaded: 0)
System memory in use before: 77.9 MB.
System memory in use after: 78.0 MB.

Unloading 33 unused Assets to reduce memory usage. Loaded Objects now: 2202.
Total: 12.050900 ms (FindLiveObjects: 0.552100 ms CreateObjectMapping: 0.123800 ms MarkObjects: 11.303200 ms  DeleteObjects: 0.062000 ms)

========================================================================
Received Prepare
Registering precompiled user dll's ...
Registered in 0.006233 seconds.
Begin MonoManager ReloadAssembly
Native extension for WindowsStandalone target not found
Refreshing native plugins compatible for Editor in 1.19 ms, found 0 plugins.
Preloading 0 native plugins for Editor in 0.00 ms.
Invoked RoslynAnalysisRunner static constructor.
RoslynAnalysisRunner will not be running.
RoslynAnalysisRunner has terminated.
Mono: successfully reloaded assembly
- Completed reload, in  2.948 seconds
Platform modules already initialized, skipping
Refreshing native plugins compatible for Editor in 1.19 ms, found 0 plugins.
Preloading 0 native plugins for Editor in 0.00 ms.
Unloading 1695 Unused Serialized files (Serialized files now loaded: 0)
System memory in use before: 77.9 MB.
System memory in use after: 78.1 MB.

Unloading 33 unused Assets to reduce memory usage. Loaded Objects now: 2205.
Total: 25.031000 ms (FindLiveObjects: 0.558500 ms CreateObjectMapping: 0.134800 ms MarkObjects: 24.240800 ms  DeleteObjects: 0.085900 ms)

========================================================================
Received Prepare
Registering precompiled user dll's ...
Registered in 0.005975 seconds.
Begin MonoManager ReloadAssembly
Native extension for WindowsStandalone target not found
Refreshing native plugins compatible for Editor in 1.89 ms, found 0 plugins.
Preloading 0 native plugins for Editor in 0.00 ms.
Invoked RoslynAnalysisRunner static constructor.
RoslynAnalysisRunner will not be running.
RoslynAnalysisRunner has terminated.
Mono: successfully reloaded assembly
- Completed reload, in  2.848 seconds
Platform modules already initialized, skipping
Refreshing native plugins compatible for Editor in 1.19 ms, found 0 plugins.
Preloading 0 native plugins for Editor in 0.00 ms.
Unloading 1695 Unused Serialized files (Serialized files now loaded: 0)
System memory in use before: 77.9 MB.
System memory in use after: 78.1 MB.

Unloading 33 unused Assets to reduce memory usage. Loaded Objects now: 2208.
Total: 12.246100 ms (FindLiveObjects: 0.588300 ms CreateObjectMapping: 0.121600 ms MarkObjects: 11.467200 ms  DeleteObjects: 0.057900 ms)

========================================================================
Received Prepare
Registering precompiled user dll's ...
Registered in 0.005662 seconds.
Begin MonoManager ReloadAssembly
Native extension for WindowsStandalone target not found
Refreshing native plugins compatible for Editor in 1.18 ms, found 0 plugins.
Preloading 0 native plugins for Editor in 0.00 ms.
Invoked RoslynAnalysisRunner static constructor.
RoslynAnalysisRunner will not be running.
RoslynAnalysisRunner has terminated.
Mono: successfully reloaded assembly
- Completed reload, in  3.095 seconds
Platform modules already initialized, skipping
Refreshing native plugins compatible for Editor in 1.34 ms, found 0 plugins.
Preloading 0 native plugins for Editor in 0.00 ms.
Unloading 1695 Unused Serialized files (Serialized files now loaded: 0)
System memory in use before: 78.0 MB.
System memory in use after: 78.1 MB.

Unloading 33 unused Assets to reduce memory usage. Loaded Objects now: 2211.
Total: 12.375000 ms (FindLiveObjects: 0.910400 ms CreateObjectMapping: 0.145200 ms MarkObjects: 11.245600 ms  DeleteObjects: 0.062800 ms)

========================================================================
Received Prepare
Registering precompiled user dll's ...
Registered in 0.006369 seconds.
Begin MonoManager ReloadAssembly
Native extension for WindowsStandalone target not found
Refreshing native plugins compatible for Editor in 1.24 ms, found 0 plugins.
Preloading 0 native plugins for Editor in 0.00 ms.
Invoked RoslynAnalysisRunner static constructor.
RoslynAnalysisRunner will not be running.
RoslynAnalysisRunner has terminated.
Mono: successfully reloaded assembly
- Completed reload, in  3.122 seconds
Platform modules already initialized, skipping
Refreshing native plugins compatible for Editor in 1.24 ms, found 0 plugins.
Preloading 0 native plugins for Editor in 0.00 ms.
Unloading 1695 Unused Serialized files (Serialized files now loaded: 0)
System memory in use before: 78.0 MB.
System memory in use after: 78.1 MB.

Unloading 33 unused Assets to reduce memory usage. Loaded Objects now: 2214.
Total: 11.898900 ms (FindLiveObjects: 0.424300 ms CreateObjectMapping: 0.110200 ms MarkObjects: 11.295800 ms  DeleteObjects: 0.056600 ms)

========================================================================
Received Prepare
Registering precompiled user dll's ...
Registered in 0.005405 seconds.
Begin MonoManager ReloadAssembly
Native extension for WindowsStandalone target not found
Refreshing native plugins compatible for Editor in 1.20 ms, found 0 plugins.
Preloading 0 native plugins for Editor in 0.00 ms.
Invoked RoslynAnalysisRunner static constructor.
RoslynAnalysisRunner will not be running.
RoslynAnalysisRunner has terminated.
Mono: successfully reloaded assembly
- Completed reload, in  2.833 seconds
Platform modules already initialized, skipping
Refreshing native plugins compatible for Editor in 1.30 ms, found 0 plugins.
Preloading 0 native plugins for Editor in 0.00 ms.
Unloading 1695 Unused Serialized files (Serialized files now loaded: 0)
System memory in use before: 78.0 MB.
System memory in use after: 78.1 MB.

Unloading 33 unused Assets to reduce memory usage. Loaded Objects now: 2217.
Total: 31.568100 ms (FindLiveObjects: 1.024800 ms CreateObjectMapping: 0.319200 ms MarkObjects: 28.931300 ms  DeleteObjects: 0.115800 ms)

========================================================================
Received Prepare
Registering precompiled user dll's ...
Registered in 0.005855 seconds.
Begin MonoManager ReloadAssembly
Native extension for WindowsStandalone target not found
Refreshing native plugins compatible for Editor in 1.18 ms, found 0 plugins.
Preloading 0 native plugins for Editor in 0.00 ms.
Invoked RoslynAnalysisRunner static constructor.
RoslynAnalysisRunner will not be running.
RoslynAnalysisRunner has terminated.
Mono: successfully reloaded assembly
- Completed reload, in  3.082 seconds
Platform modules already initialized, skipping
Refreshing native plugins compatible for Editor in 1.36 ms, found 0 plugins.
Preloading 0 native plugins for Editor in 0.00 ms.
Unloading 1695 Unused Serialized files (Serialized files now loaded: 0)
System memory in use before: 78.0 MB.
System memory in use after: 78.1 MB.

Unloading 33 unused Assets to reduce memory usage. Loaded Objects now: 2220.
Total: 12.923800 ms (FindLiveObjects: 0.484000 ms CreateObjectMapping: 0.115400 ms MarkObjects: 12.252400 ms  DeleteObjects: 0.061500 ms)

========================================================================
Received Prepare
Registering precompiled user dll's ...
Registered in 0.005819 seconds.
Begin MonoManager ReloadAssembly
Native extension for WindowsStandalone target not found
Refreshing native plugins compatible for Editor in 1.22 ms, found 0 plugins.
Preloading 0 native plugins for Editor in 0.00 ms.
Invoked RoslynAnalysisRunner static constructor.
RoslynAnalysisRunner will not be running.
RoslynAnalysisRunner has terminated.
Mono: successfully reloaded assembly
- Completed reload, in  2.648 seconds
Platform modules already initialized, skipping
Refreshing native plugins compatible for Editor in 1.23 ms, found 0 plugins.
Preloading 0 native plugins for Editor in 0.00 ms.
Unloading 1695 Unused Serialized files (Serialized files now loaded: 0)
System memory in use before: 78.1 MB.
System memory in use after: 78.2 MB.

Unloading 33 unused Assets to reduce memory usage. Loaded Objects now: 2223.
Total: 12.988200 ms (FindLiveObjects: 0.581000 ms CreateObjectMapping: 0.127400 ms MarkObjects: 12.213800 ms  DeleteObjects: 0.056100 ms)

========================================================================
Received Prepare
Registering precompiled user dll's ...
Registered in 0.006985 seconds.
Begin MonoManager ReloadAssembly
Native extension for WindowsStandalone target not found
Refreshing native plugins compatible for Editor in 2.11 ms, found 0 plugins.
Preloading 0 native plugins for Editor in 0.00 ms.
Invoked RoslynAnalysisRunner static constructor.
RoslynAnalysisRunner will not be running.
RoslynAnalysisRunner has terminated.
Mono: successfully reloaded assembly
- Completed reload, in  2.630 seconds
Platform modules already initialized, skipping
Refreshing native plugins compatible for Editor in 1.47 ms, found 0 plugins.
Preloading 0 native plugins for Editor in 0.00 ms.
Unloading 1695 Unused Serialized files (Serialized files now loaded: 0)
System memory in use before: 78.1 MB.
System memory in use after: 78.2 MB.

Unloading 33 unused Assets to reduce memory usage. Loaded Objects now: 2226.
Total: 12.668900 ms (FindLiveObjects: 0.426700 ms CreateObjectMapping: 0.109700 ms MarkObjects: 12.047300 ms  DeleteObjects: 0.075000 ms)

========================================================================
Received Prepare
Registering precompiled user dll's ...
Registered in 0.066747 seconds.
Begin MonoManager ReloadAssembly
Native extension for WindowsStandalone target not found
Refreshing native plugins compatible for Editor in 1.18 ms, found 0 plugins.
Preloading 0 native plugins for Editor in 0.00 ms.
Invoked RoslynAnalysisRunner static constructor.
RoslynAnalysisRunner will not be running.
RoslynAnalysisRunner has terminated.
Mono: successfully reloaded assembly
- Completed reload, in  3.579 seconds
Platform modules already initialized, skipping
Refreshing native plugins compatible for Editor in 1.24 ms, found 0 plugins.
Preloading 0 native plugins for Editor in 0.00 ms.
Unloading 1695 Unused Serialized files (Serialized files now loaded: 0)
System memory in use before: 78.1 MB.
System memory in use after: 78.2 MB.

Unloading 33 unused Assets to reduce memory usage. Loaded Objects now: 2229.
Total: 13.213100 ms (FindLiveObjects: 0.451100 ms CreateObjectMapping: 0.113600 ms MarkObjects: 12.581000 ms  DeleteObjects: 0.057700 ms)

========================================================================
Received Prepare
Registering precompiled user dll's ...
Registered in 0.008305 seconds.
Begin MonoManager ReloadAssembly
Native extension for WindowsStandalone target not found
Refreshing native plugins compatible for Editor in 1.50 ms, found 0 plugins.
Preloading 0 native plugins for Editor in 0.00 ms.
Invoked RoslynAnalysisRunner static constructor.
RoslynAnalysisRunner will not be running.
RoslynAnalysisRunner has terminated.
Mono: successfully reloaded assembly
- Completed reload, in  2.521 seconds
Platform modules already initialized, skipping
Refreshing native plugins compatible for Editor in 1.22 ms, found 0 plugins.
Preloading 0 native plugins for Editor in 0.00 ms.
Unloading 1695 Unused Serialized files (Serialized files now loaded: 0)
System memory in use before: 78.1 MB.
System memory in use after: 78.2 MB.

Unloading 33 unused Assets to reduce memory usage. Loaded Objects now: 2232.
Total: 12.166800 ms (FindLiveObjects: 0.465600 ms CreateObjectMapping: 0.121100 ms MarkObjects: 11.512100 ms  DeleteObjects: 0.056100 ms)

========================================================================
Received Prepare
Registering precompiled user dll's ...
Registered in 0.007673 seconds.
Begin MonoManager ReloadAssembly
Native extension for WindowsStandalone target not found
Refreshing native plugins compatible for Editor in 1.26 ms, found 0 plugins.
Preloading 0 native plugins for Editor in 0.00 ms.
Invoked RoslynAnalysisRunner static constructor.
RoslynAnalysisRunner will not be running.
RoslynAnalysisRunner has terminated.
Mono: successfully reloaded assembly
- Completed reload, in  2.701 seconds
Platform modules already initialized, skipping
Refreshing native plugins compatible for Editor in 1.24 ms, found 0 plugins.
Preloading 0 native plugins for Editor in 0.00 ms.
Unloading 1695 Unused Serialized files (Serialized files now loaded: 0)
System memory in use before: 78.1 MB.
System memory in use after: 78.2 MB.

Unloading 33 unused Assets to reduce memory usage. Loaded Objects now: 2235.
Total: 11.845800 ms (FindLiveObjects: 0.586600 ms CreateObjectMapping: 0.133400 ms MarkObjects: 11.053200 ms  DeleteObjects: 0.062600 ms)

========================================================================
Received Import Request.
  Time since last request: 3686.058089 seconds.
  path: Assets/Background/Menu
  artifactKey: Guid(538e3ffdc865f774c9b78c5c4bf0605a) Importer(815301076,1909f56bfc062723c751e8b465ee728b)
Start importing Assets/Background/Menu using Guid(538e3ffdc865f774c9b78c5c4bf0605a) Importer(815301076,1909f56bfc062723c751e8b465ee728b)  -> (artifact id: 'e53b60d1287fff648f25cb2d29b5a1c6') in 0.350234 seconds
  Import took 0.397242 seconds .

========================================================================
Received Prepare
Registering precompiled user dll's ...
Registered in 0.005692 seconds.
Begin MonoManager ReloadAssembly
Native extension for WindowsStandalone target not found
Refreshing native plugins compatible for Editor in 5.59 ms, found 0 plugins.
Preloading 0 native plugins for Editor in 0.00 ms.
Invoked RoslynAnalysisRunner static constructor.
RoslynAnalysisRunner will not be running.
RoslynAnalysisRunner has terminated.
Mono: successfully reloaded assembly
- Completed reload, in  6.098 seconds
Platform modules already initialized, skipping
Refreshing native plugins compatible for Editor in 1.48 ms, found 0 plugins.
Preloading 0 native plugins for Editor in 0.00 ms.
Unloading 1695 Unused Serialized files (Serialized files now loaded: 0)
System memory in use before: 78.1 MB.
System memory in use after: 78.2 MB.

Unloading 33 unused Assets to reduce memory usage. Loaded Objects now: 2238.
Total: 15.891300 ms (FindLiveObjects: 0.456500 ms CreateObjectMapping: 0.120800 ms MarkObjects: 15.239200 ms  DeleteObjects: 0.063900 ms)

========================================================================
Received Prepare
Registering precompiled user dll's ...
Registered in 0.010039 seconds.
Begin MonoManager ReloadAssembly
Native extension for WindowsStandalone target not found
Refreshing native plugins compatible for Editor in 1.42 ms, found 0 plugins.
Preloading 0 native plugins for Editor in 0.00 ms.
Invoked RoslynAnalysisRunner static constructor.
RoslynAnalysisRunner will not be running.
RoslynAnalysisRunner has terminated.
Mono: successfully reloaded assembly
- Completed reload, in  6.168 seconds
Platform modules already initialized, skipping
Refreshing native plugins compatible for Editor in 1.93 ms, found 0 plugins.
Preloading 0 native plugins for Editor in 0.00 ms.
Unloading 1695 Unused Serialized files (Serialized files now loaded: 0)
System memory in use before: 78.1 MB.
System memory in use after: 78.2 MB.

Unloading 33 unused Assets to reduce memory usage. Loaded Objects now: 2241.
Total: 15.394000 ms (FindLiveObjects: 0.426400 ms CreateObjectMapping: 0.109200 ms MarkObjects: 14.779100 ms  DeleteObjects: 0.068400 ms)

========================================================================
Received Prepare
Registering precompiled user dll's ...
Registered in 0.005543 seconds.
Begin MonoManager ReloadAssembly
Native extension for WindowsStandalone target not found
Refreshing native plugins compatible for Editor in 1.19 ms, found 0 plugins.
Preloading 0 native plugins for Editor in 0.00 ms.
Invoked RoslynAnalysisRunner static constructor.
RoslynAnalysisRunner will not be running.
RoslynAnalysisRunner has terminated.
Mono: successfully reloaded assembly
- Completed reload, in  3.128 seconds
Platform modules already initialized, skipping
Refreshing native plugins compatible for Editor in 1.38 ms, found 0 plugins.
Preloading 0 native plugins for Editor in 0.00 ms.
Unloading 1695 Unused Serialized files (Serialized files now loaded: 0)
System memory in use before: 78.1 MB.
System memory in use after: 78.2 MB.

Unloading 33 unused Assets to reduce memory usage. Loaded Objects now: 2244.
Total: 39.255900 ms (FindLiveObjects: 0.566100 ms CreateObjectMapping: 0.118100 ms MarkObjects: 38.497900 ms  DeleteObjects: 0.062000 ms)

========================================================================
Received Import Request.
  Time since last request: 104.533375 seconds.
  path: Assets/Prefabs/Player.prefab
  artifactKey: Guid(b687d8ea624e12a43b36a964fe0c8167) Importer(815301076,1909f56bfc062723c751e8b465ee728b)
Start importing Assets/Prefabs/Player.prefab using Guid(b687d8ea624e12a43b36a964fe0c8167) Importer(815301076,1909f56bfc062723c751e8b465ee728b)  -> (artifact id: '1b20c036548ac07b3221990e4997e86d') in 2.800649 seconds
  Import took 2.855058 seconds .

========================================================================
Received Prepare
Registering precompiled user dll's ...
Registered in 0.007201 seconds.
Begin MonoManager ReloadAssembly
Native extension for WindowsStandalone target not found
Refreshing native plugins compatible for Editor in 1.44 ms, found 0 plugins.
Preloading 0 native plugins for Editor in 0.00 ms.
Invoked RoslynAnalysisRunner static constructor.
RoslynAnalysisRunner will not be running.
RoslynAnalysisRunner has terminated.
Mono: successfully reloaded assembly
- Completed reload, in  6.691 seconds
Platform modules already initialized, skipping
Refreshing native plugins compatible for Editor in 1.24 ms, found 0 plugins.
Preloading 0 native plugins for Editor in 0.00 ms.
Unloading 1695 Unused Serialized files (Serialized files now loaded: 0)
System memory in use before: 78.1 MB.
System memory in use after: 78.3 MB.

Unloading 33 unused Assets to reduce memory usage. Loaded Objects now: 2248.
Total: 13.203000 ms (FindLiveObjects: 0.581600 ms CreateObjectMapping: 0.136900 ms MarkObjects: 12.419300 ms  DeleteObjects: 0.055600 ms)

========================================================================
Received Prepare
Registering precompiled user dll's ...
Registered in 0.014686 seconds.
Begin MonoManager ReloadAssembly
Native extension for WindowsStandalone target not found
Refreshing native plugins compatible for Editor in 1.17 ms, found 0 plugins.
Preloading 0 native plugins for Editor in 0.00 ms.
Invoked RoslynAnalysisRunner static constructor.
RoslynAnalysisRunner will not be running.
RoslynAnalysisRunner has terminated.
Mono: successfully reloaded assembly
- Completed reload, in  2.920 seconds
Platform modules already initialized, skipping
Refreshing native plugins compatible for Editor in 1.19 ms, found 0 plugins.
Preloading 0 native plugins for Editor in 0.00 ms.
Unloading 1695 Unused Serialized files (Serialized files now loaded: 0)
System memory in use before: 78.1 MB.
System memory in use after: 78.3 MB.

Unloading 33 unused Assets to reduce memory usage. Loaded Objects now: 2251.
Total: 11.967900 ms (FindLiveObjects: 0.527500 ms CreateObjectMapping: 0.130700 ms MarkObjects: 11.243500 ms  DeleteObjects: 0.055900 ms)

========================================================================
Received Prepare
Registering precompiled user dll's ...
Registered in 0.010068 seconds.
Begin MonoManager ReloadAssembly
Native extension for WindowsStandalone target not found
Refreshing native plugins compatible for Editor in 1.78 ms, found 0 plugins.
Preloading 0 native plugins for Editor in 0.00 ms.
Invoked RoslynAnalysisRunner static constructor.
RoslynAnalysisRunner will not be running.
RoslynAnalysisRunner has terminated.
Mono: successfully reloaded assembly
- Completed reload, in  2.660 seconds
Platform modules already initialized, skipping
Refreshing native plugins compatible for Editor in 1.42 ms, found 0 plugins.
Preloading 0 native plugins for Editor in 0.00 ms.
Unloading 1695 Unused Serialized files (Serialized files now loaded: 0)
System memory in use before: 78.1 MB.
System memory in use after: 78.3 MB.

Unloading 33 unused Assets to reduce memory usage. Loaded Objects now: 2254.
Total: 12.508700 ms (FindLiveObjects: 0.485600 ms CreateObjectMapping: 0.214400 ms MarkObjects: 11.742300 ms  DeleteObjects: 0.056000 ms)

========================================================================
Received Prepare
Registering precompiled user dll's ...
Registered in 0.010665 seconds.
Begin MonoManager ReloadAssembly
Native extension for WindowsStandalone target not found
Refreshing native plugins compatible for Editor in 1.20 ms, found 0 plugins.
Preloading 0 native plugins for Editor in 0.00 ms.
Invoked RoslynAnalysisRunner static constructor.
RoslynAnalysisRunner will not be running.
RoslynAnalysisRunner has terminated.
Mono: successfully reloaded assembly
- Completed reload, in  2.882 seconds
Platform modules already initialized, skipping
Refreshing native plugins compatible for Editor in 1.37 ms, found 0 plugins.
Preloading 0 native plugins for Editor in 0.00 ms.
Unloading 1695 Unused Serialized files (Serialized files now loaded: 0)
System memory in use before: 78.2 MB.
System memory in use after: 78.3 MB.

Unloading 33 unused Assets to reduce memory usage. Loaded Objects now: 2257.
Total: 13.268300 ms (FindLiveObjects: 0.502900 ms CreateObjectMapping: 0.121100 ms MarkObjects: 12.572900 ms  DeleteObjects: 0.061500 ms)

========================================================================
Received Prepare
Registering precompiled user dll's ...
Registered in 0.008282 seconds.
Begin MonoManager ReloadAssembly
Native extension for WindowsStandalone target not found
Refreshing native plugins compatible for Editor in 1.70 ms, found 0 plugins.
Preloading 0 native plugins for Editor in 0.00 ms.
Invoked RoslynAnalysisRunner static constructor.
RoslynAnalysisRunner will not be running.
RoslynAnalysisRunner has terminated.
Mono: successfully reloaded assembly
- Completed reload, in  3.280 seconds
Platform modules already initialized, skipping
Refreshing native plugins compatible for Editor in 1.40 ms, found 0 plugins.
Preloading 0 native plugins for Editor in 0.00 ms.
Unloading 1695 Unused Serialized files (Serialized files now loaded: 0)
System memory in use before: 78.2 MB.
System memory in use after: 78.3 MB.

Unloading 33 unused Assets to reduce memory usage. Loaded Objects now: 2260.
Total: 13.033600 ms (FindLiveObjects: 0.450400 ms CreateObjectMapping: 0.111500 ms MarkObjects: 12.361400 ms  DeleteObjects: 0.098100 ms)

========================================================================
Received Prepare
Registering precompiled user dll's ...
Registered in 0.007377 seconds.
Begin MonoManager ReloadAssembly
Native extension for WindowsStandalone target not found
Refreshing native plugins compatible for Editor in 1.22 ms, found 0 plugins.
Preloading 0 native plugins for Editor in 0.00 ms.
Invoked RoslynAnalysisRunner static constructor.
RoslynAnalysisRunner will not be running.
RoslynAnalysisRunner has terminated.
Mono: successfully reloaded assembly
- Completed reload, in  3.032 seconds
Platform modules already initialized, skipping
Refreshing native plugins compatible for Editor in 1.26 ms, found 0 plugins.
Preloading 0 native plugins for Editor in 0.00 ms.
Unloading 1695 Unused Serialized files (Serialized files now loaded: 0)
System memory in use before: 78.2 MB.
System memory in use after: 78.3 MB.

Unloading 33 unused Assets to reduce memory usage. Loaded Objects now: 2263.
Total: 16.693000 ms (FindLiveObjects: 0.489300 ms CreateObjectMapping: 0.131000 ms MarkObjects: 16.002000 ms  DeleteObjects: 0.059800 ms)

========================================================================
Received Prepare
Registering precompiled user dll's ...
Registered in 0.006177 seconds.
Begin MonoManager ReloadAssembly
Native extension for WindowsStandalone target not found
Refreshing native plugins compatible for Editor in 1.31 ms, found 0 plugins.
Preloading 0 native plugins for Editor in 0.00 ms.
Invoked RoslynAnalysisRunner static constructor.
RoslynAnalysisRunner will not be running.
RoslynAnalysisRunner has terminated.
Mono: successfully reloaded assembly
- Completed reload, in  2.956 seconds
Platform modules already initialized, skipping
Refreshing native plugins compatible for Editor in 1.39 ms, found 0 plugins.
Preloading 0 native plugins for Editor in 0.00 ms.
Unloading 1695 Unused Serialized files (Serialized files now loaded: 0)
System memory in use before: 78.2 MB.
System memory in use after: 78.3 MB.

Unloading 33 unused Assets to reduce memory usage. Loaded Objects now: 2266.
Total: 12.008200 ms (FindLiveObjects: 0.611900 ms CreateObjectMapping: 0.131500 ms MarkObjects: 11.192700 ms  DeleteObjects: 0.062300 ms)

========================================================================
Received Prepare
Registering precompiled user dll's ...
Registered in 0.005964 seconds.
Begin MonoManager ReloadAssembly
Native extension for WindowsStandalone target not found
Refreshing native plugins compatible for Editor in 1.65 ms, found 0 plugins.
Preloading 0 native plugins for Editor in 0.00 ms.
Invoked RoslynAnalysisRunner static constructor.
RoslynAnalysisRunner will not be running.
RoslynAnalysisRunner has terminated.
Mono: successfully reloaded assembly
- Completed reload, in  6.326 seconds
Platform modules already initialized, skipping
Refreshing native plugins compatible for Editor in 1.35 ms, found 0 plugins.
Preloading 0 native plugins for Editor in 0.00 ms.
Unloading 1695 Unused Serialized files (Serialized files now loaded: 0)
System memory in use before: 78.2 MB.
System memory in use after: 78.3 MB.

Unloading 33 unused Assets to reduce memory usage. Loaded Objects now: 2269.
Total: 20.856600 ms (FindLiveObjects: 0.514200 ms CreateObjectMapping: 0.117500 ms MarkObjects: 20.136600 ms  DeleteObjects: 0.078100 ms)

========================================================================
Received Prepare
Registering precompiled user dll's ...
Registered in 0.009782 seconds.
Begin MonoManager ReloadAssembly
Native extension for WindowsStandalone target not found
Refreshing native plugins compatible for Editor in 1.21 ms, found 0 plugins.
Preloading 0 native plugins for Editor in 0.00 ms.
Invoked RoslynAnalysisRunner static constructor.
RoslynAnalysisRunner will not be running.
RoslynAnalysisRunner has terminated.
Mono: successfully reloaded assembly
- Completed reload, in  3.044 seconds
Platform modules already initialized, skipping
Refreshing native plugins compatible for Editor in 1.27 ms, found 0 plugins.
Preloading 0 native plugins for Editor in 0.00 ms.
Unloading 1695 Unused Serialized files (Serialized files now loaded: 0)
System memory in use before: 78.2 MB.
System memory in use after: 78.3 MB.

Unloading 33 unused Assets to reduce memory usage. Loaded Objects now: 2272.
Total: 13.127600 ms (FindLiveObjects: 0.969000 ms CreateObjectMapping: 0.146100 ms MarkObjects: 11.941500 ms  DeleteObjects: 0.060600 ms)

========================================================================
Received Prepare
Registering precompiled user dll's ...
Registered in 0.006923 seconds.
Begin MonoManager ReloadAssembly
Native extension for WindowsStandalone target not found
Refreshing native plugins compatible for Editor in 1.23 ms, found 0 plugins.
Preloading 0 native plugins for Editor in 0.00 ms.
Invoked RoslynAnalysisRunner static constructor.
RoslynAnalysisRunner will not be running.
RoslynAnalysisRunner has terminated.
Mono: successfully reloaded assembly
- Completed reload, in  2.811 seconds
Platform modules already initialized, skipping
Refreshing native plugins compatible for Editor in 1.32 ms, found 0 plugins.
Preloading 0 native plugins for Editor in 0.00 ms.
Unloading 1695 Unused Serialized files (Serialized files now loaded: 0)
System memory in use before: 78.2 MB.
System memory in use after: 78.3 MB.

Unloading 33 unused Assets to reduce memory usage. Loaded Objects now: 2275.
Total: 14.600300 ms (FindLiveObjects: 0.625600 ms CreateObjectMapping: 0.131300 ms MarkObjects: 13.772800 ms  DeleteObjects: 0.060300 ms)

========================================================================
Received Prepare
Registering precompiled user dll's ...
Registered in 0.009426 seconds.
Begin MonoManager ReloadAssembly
Native extension for WindowsStandalone target not found
Refreshing native plugins compatible for Editor in 1.36 ms, found 0 plugins.
Preloading 0 native plugins for Editor in 0.00 ms.
Invoked RoslynAnalysisRunner static constructor.
RoslynAnalysisRunner will not be running.
RoslynAnalysisRunner has terminated.
Mono: successfully reloaded assembly
- Completed reload, in  2.592 seconds
Platform modules already initialized, skipping
Refreshing native plugins compatible for Editor in 1.39 ms, found 0 plugins.
Preloading 0 native plugins for Editor in 0.00 ms.
Unloading 1695 Unused Serialized files (Serialized files now loaded: 0)
System memory in use before: 78.2 MB.
System memory in use after: 78.3 MB.

Unloading 33 unused Assets to reduce memory usage. Loaded Objects now: 2278.
Total: 12.425300 ms (FindLiveObjects: 0.500200 ms CreateObjectMapping: 0.123000 ms MarkObjects: 11.738000 ms  DeleteObjects: 0.054700 ms)

========================================================================
Received Import Request.
  Time since last request: 1758.594143 seconds.
  path: Assets/Scenes/Menu.unity
  artifactKey: Guid(3d528783d674b314ba44949b179c4d60) Importer(815301076,1909f56bfc062723c751e8b465ee728b)
Start importing Assets/Scenes/Menu.unity using Guid(3d528783d674b314ba44949b179c4d60) Importer(815301076,1909f56bfc062723c751e8b465ee728b)  -> (artifact id: '63adb74e0b4f7a30147f22aa614fea8b') in 0.689073 seconds
  Import took 0.743442 seconds .

