Using pre-set license
Built from '2020.3/staging' branch; Version is '2020.3.3f1 (76626098c1c4) revision 7758432'; Using compiler version '192528614'; Build Type 'Release'
OS: 'Windows 10 Pro; OS build 19042.928; Version 2009; 64bit' Language: 'it' Physical Memory: 3000 MB
BatchMode: 1, IsHumanControllingUs: 0, StartBugReporterOnCrash: 0, Is64bit: 1, IsPro: 0

 COMMAND LINE ARGUMENTS:
C:\Program Files\Unity\Hub\Editor\2020.3.3f1\Editor\Unity.exe
-adb2
-batchMode
-noUpm
-name
AssetImportWorker4
-projectPath
C:/Users/HP/Documents/GitHub/A-ReallyPainfulGame/Progetto Finale Informatica A.S. 2020-2021/ARPG (Progetto)
-logFile
Logs/AssetImportWorker4.log
-srvPort
49836
Successfully changed project path to: C:/Users/HP/Documents/GitHub/A-ReallyPainfulGame/Progetto Finale Informatica A.S. 2020-2021/ARPG (Progetto)
C:/Users/HP/Documents/GitHub/A-ReallyPainfulGame/Progetto Finale Informatica A.S. 2020-2021/ARPG (Progetto)
Using Asset Import Pipeline V2.
Refreshing native plugins compatible for Editor in 323.04 ms, found 0 plugins.
Preloading 0 native plugins for Editor in 0.00 ms.
Initialize engine version: 2020.3.3f1 (76626098c1c4)
[Subsystems] Discovering subsystems at path C:/Program Files/Unity/Hub/Editor/2020.3.3f1/Editor/Data/Resources/UnitySubsystems
[Subsystems] Discovering subsystems at path C:/Users/HP/Documents/GitHub/A-ReallyPainfulGame/Progetto Finale Informatica A.S. 2020-2021/ARPG (Progetto)/Assets
GfxDevice: creating device client; threaded=0
Direct3D:
    Version:  Direct3D 11.0 [level 10.0]
    Renderer: Mobile Intel(R) 4 Series Express Chipset Family v2 (ID=0x2a42)
    Vendor:   
    VRAM:     128 MB
    Driver:   8.15.10.2869
Initialize mono
Mono path[0] = 'C:/Program Files/Unity/Hub/Editor/2020.3.3f1/Editor/Data/Managed'
Mono path[1] = 'C:/Program Files/Unity/Hub/Editor/2020.3.3f1/Editor/Data/MonoBleedingEdge/lib/mono/unityjit'
Mono config path = 'C:/Program Files/Unity/Hub/Editor/2020.3.3f1/Editor/Data/MonoBleedingEdge/etc'
Using monoOptions --debugger-agent=transport=dt_socket,embedding=1,server=y,suspend=n,address=127.0.0.1:56748
Begin MonoManager ReloadAssembly
Registering precompiled unity dll's ...
Register platform support module: C:/Program Files/Unity/Hub/Editor/2020.3.3f1/Editor/Data/PlaybackEngines/WindowsStandaloneSupport/UnityEditor.WindowsStandalone.Extensions.dll
Registered in 0.011323 seconds.
Native extension for WindowsStandalone target not found
Refreshing native plugins compatible for Editor in 249.26 ms, found 0 plugins.
Preloading 0 native plugins for Editor in 0.00 ms.
Invoked RoslynAnalysisRunner static constructor.
RoslynAnalysisRunner will not be running.
RoslynAnalysisRunner has terminated.
Mono: successfully reloaded assembly
- Completed reload, in  5.568 seconds
Platform modules already initialized, skipping
Registering precompiled user dll's ...
Registered in 0.006557 seconds.
Begin MonoManager ReloadAssembly
Native extension for WindowsStandalone target not found
Refreshing native plugins compatible for Editor in 1.52 ms, found 0 plugins.
Preloading 0 native plugins for Editor in 0.00 ms.
Invoked RoslynAnalysisRunner static constructor.
RoslynAnalysisRunner will not be running.
RoslynAnalysisRunner has terminated.
Mono: successfully reloaded assembly
- Completed reload, in  7.805 seconds
Platform modules already initialized, skipping
========================================================================
Worker process is ready to serve import requests
Launched and connected shader compiler UnityShaderCompiler.exe after 0.78 seconds
Refreshing native plugins compatible for Editor in 26.56 ms, found 0 plugins.
Preloading 0 native plugins for Editor in 0.00 ms.
Unloading 1705 Unused Serialized files (Serialized files now loaded: 0)
System memory in use before: 75.6 MB.
System memory in use after: 75.6 MB.

Unloading 42 unused Assets to reduce memory usage. Loaded Objects now: 2124.
Total: 21.331300 ms (FindLiveObjects: 0.457000 ms CreateObjectMapping: 0.116200 ms MarkObjects: 20.544800 ms  DeleteObjects: 0.203000 ms)

========================================================================
Received Import Request.
  path: Assets/Scenes/Infinite.unity
  artifactKey: Guid(2a557e0d06825cc4a9a88b018a4ac345) Importer(815301076,1909f56bfc062723c751e8b465ee728b)
Start importing Assets/Scenes/Infinite.unity using Guid(2a557e0d06825cc4a9a88b018a4ac345) Importer(815301076,1909f56bfc062723c751e8b465ee728b)  -> (artifact id: '8a7c40af283d933ecd3f06aab51adcdb') in 0.557378 seconds
  Import took 0.612800 seconds .

========================================================================
Received Prepare
Refreshing native plugins compatible for Editor in 334.37 ms, found 0 plugins.
Preloading 0 native plugins for Editor in 0.00 ms.
Unloading 31 Unused Serialized files (Serialized files now loaded: 0)
System memory in use before: 40.7 MB.
System memory in use after: 40.9 MB.

Unloading 31 unused Assets to reduce memory usage. Loaded Objects now: 2124.
Total: 13.967800 ms (FindLiveObjects: 0.414500 ms CreateObjectMapping: 0.112300 ms MarkObjects: 13.383400 ms  DeleteObjects: 0.048500 ms)

========================================================================
Received Prepare
Registering precompiled user dll's ...
Registered in 0.268119 seconds.
Begin MonoManager ReloadAssembly
Native extension for WindowsStandalone target not found
Refreshing native plugins compatible for Editor in 1.34 ms, found 0 plugins.
Preloading 0 native plugins for Editor in 0.00 ms.
Invoked RoslynAnalysisRunner static constructor.
RoslynAnalysisRunner will not be running.
RoslynAnalysisRunner has terminated.
Mono: successfully reloaded assembly
- Completed reload, in  3.811 seconds
Platform modules already initialized, skipping
Refreshing native plugins compatible for Editor in 1.60 ms, found 0 plugins.
Preloading 0 native plugins for Editor in 0.00 ms.
Unloading 1688 Unused Serialized files (Serialized files now loaded: 0)
System memory in use before: 74.4 MB.
System memory in use after: 74.5 MB.

Unloading 33 unused Assets to reduce memory usage. Loaded Objects now: 2127.
Total: 22.367000 ms (FindLiveObjects: 0.442700 ms CreateObjectMapping: 0.131500 ms MarkObjects: 21.695400 ms  DeleteObjects: 0.086300 ms)

========================================================================
Received Import Request.
  Time since last request: 335.260391 seconds.
  path: Assets/Sprites
  artifactKey: Guid(5e22f27a1e2587c4e98c1f036ba12997) Importer(815301076,1909f56bfc062723c751e8b465ee728b)
Start importing Assets/Sprites using Guid(5e22f27a1e2587c4e98c1f036ba12997) Importer(815301076,1909f56bfc062723c751e8b465ee728b)  -> (artifact id: 'b9439cfa8dbc622fb6cd5991fc9553b8') in 0.075721 seconds
  Import took 0.124439 seconds .

========================================================================
Received Import Request.
  Time since last request: 59.207766 seconds.
  path: Assets/Sprites/HealthBar_Spritesheet.png
  artifactKey: Guid(1476d6f8116379747bcb71b32b605564) Importer(815301076,1909f56bfc062723c751e8b465ee728b)
Start importing Assets/Sprites/HealthBar_Spritesheet.png using Guid(1476d6f8116379747bcb71b32b605564) Importer(815301076,1909f56bfc062723c751e8b465ee728b)  -> (artifact id: 'ebb3c2cb3c3da1f21a5ff3b0c8793679') in 0.694940 seconds
  Import took 0.725595 seconds .

========================================================================
Received Import Request.
  Time since last request: 260.861054 seconds.
  path: Assets/Sprites/HealthBar_Spritesheet.png
  artifactKey: Guid(1476d6f8116379747bcb71b32b605564) Importer(815301076,1909f56bfc062723c751e8b465ee728b)
Start importing Assets/Sprites/HealthBar_Spritesheet.png using Guid(1476d6f8116379747bcb71b32b605564) Importer(815301076,1909f56bfc062723c751e8b465ee728b)  -> (artifact id: 'e12ccba2e4f93cca21ce2e6bace716d3') in 0.058178 seconds
  Import took 0.113008 seconds .

========================================================================
Received Import Request.
  Time since last request: 0.076683 seconds.
  path: Assets/Sprites/HealthBar_Spritesheet.png
  artifactKey: Guid(1476d6f8116379747bcb71b32b605564) Importer(815301076,1909f56bfc062723c751e8b465ee728b)
Start importing Assets/Sprites/HealthBar_Spritesheet.png using Guid(1476d6f8116379747bcb71b32b605564) Importer(815301076,1909f56bfc062723c751e8b465ee728b)  -> (artifact id: 'e12ccba2e4f93cca21ce2e6bace716d3') in 0.028983 seconds
  Import took 0.073274 seconds .

========================================================================
Received Import Request.
  Time since last request: 23.727463 seconds.
  path: Assets/Sprites/HealthBar_Spritesheet.png
  artifactKey: Guid(1476d6f8116379747bcb71b32b605564) Importer(815301076,1909f56bfc062723c751e8b465ee728b)
Start importing Assets/Sprites/HealthBar_Spritesheet.png using Guid(1476d6f8116379747bcb71b32b605564) Importer(815301076,1909f56bfc062723c751e8b465ee728b)  -> (artifact id: '53b92913f13b025792f458282c249f59') in 0.126506 seconds
  Import took 0.158472 seconds .

========================================================================
Received Import Request.
  Time since last request: 0.030505 seconds.
  path: Assets/Sprites/HealthBar_Spritesheet.png
  artifactKey: Guid(1476d6f8116379747bcb71b32b605564) Importer(815301076,1909f56bfc062723c751e8b465ee728b)
Start importing Assets/Sprites/HealthBar_Spritesheet.png using Guid(1476d6f8116379747bcb71b32b605564) Importer(815301076,1909f56bfc062723c751e8b465ee728b)  -> (artifact id: '53b92913f13b025792f458282c249f59') in 0.107093 seconds
  Import took 0.116814 seconds .

========================================================================
Received Import Request.
  Time since last request: 121.512649 seconds.
  path: Assets/Sprites/HealthBar_Spritesheet.png
  artifactKey: Guid(1476d6f8116379747bcb71b32b605564) Importer(815301076,1909f56bfc062723c751e8b465ee728b)
Start importing Assets/Sprites/HealthBar_Spritesheet.png using Guid(1476d6f8116379747bcb71b32b605564) Importer(815301076,1909f56bfc062723c751e8b465ee728b)  -> (artifact id: '9a5c92f62a969f75b9146fa665b55dc9') in 0.414478 seconds
  Import took 0.432474 seconds .

========================================================================
Received Import Request.
  Time since last request: 73.901497 seconds.
  path: Assets/Sprites/HealthBar_Spritesheet.png
  artifactKey: Guid(1476d6f8116379747bcb71b32b605564) Importer(815301076,1909f56bfc062723c751e8b465ee728b)
Start importing Assets/Sprites/HealthBar_Spritesheet.png using Guid(1476d6f8116379747bcb71b32b605564) Importer(815301076,1909f56bfc062723c751e8b465ee728b)  -> (artifact id: '917a1c8012e22c5c1c1c9d519338af49') in 0.591185 seconds
  Import took 0.610437 seconds .

========================================================================
Received Prepare
Registering precompiled user dll's ...
Registered in 0.005721 seconds.
Begin MonoManager ReloadAssembly
Native extension for WindowsStandalone target not found
Refreshing native plugins compatible for Editor in 1.27 ms, found 0 plugins.
Preloading 0 native plugins for Editor in 0.00 ms.
Invoked RoslynAnalysisRunner static constructor.
RoslynAnalysisRunner will not be running.
RoslynAnalysisRunner has terminated.
Mono: successfully reloaded assembly
- Completed reload, in  2.510 seconds
Platform modules already initialized, skipping
Refreshing native plugins compatible for Editor in 1.39 ms, found 0 plugins.
Preloading 0 native plugins for Editor in 0.00 ms.
Unloading 1688 Unused Serialized files (Serialized files now loaded: 0)
System memory in use before: 77.5 MB.
System memory in use after: 77.6 MB.

Unloading 33 unused Assets to reduce memory usage. Loaded Objects now: 2160.
Total: 12.411300 ms (FindLiveObjects: 0.458800 ms CreateObjectMapping: 0.111200 ms MarkObjects: 11.777100 ms  DeleteObjects: 0.054300 ms)

========================================================================
Received Prepare
Registering precompiled user dll's ...
Registered in 0.005174 seconds.
Begin MonoManager ReloadAssembly
Native extension for WindowsStandalone target not found
Refreshing native plugins compatible for Editor in 1.59 ms, found 0 plugins.
Preloading 0 native plugins for Editor in 0.00 ms.
Invoked RoslynAnalysisRunner static constructor.
RoslynAnalysisRunner will not be running.
RoslynAnalysisRunner has terminated.
Mono: successfully reloaded assembly
- Completed reload, in  4.550 seconds
Platform modules already initialized, skipping
Refreshing native plugins compatible for Editor in 6.22 ms, found 0 plugins.
Preloading 0 native plugins for Editor in 0.00 ms.
Unloading 1688 Unused Serialized files (Serialized files now loaded: 0)
System memory in use before: 77.5 MB.
System memory in use after: 77.6 MB.

Unloading 33 unused Assets to reduce memory usage. Loaded Objects now: 2163.
Total: 18.252000 ms (FindLiveObjects: 0.511800 ms CreateObjectMapping: 0.140700 ms MarkObjects: 17.514200 ms  DeleteObjects: 0.075000 ms)

========================================================================
Received Import Request.
  Time since last request: 784.208491 seconds.
  path: Assets/Animations/HealthBar/Image.controller
  artifactKey: Guid(5b690009d6a89484697dfc4ec12283b7) Importer(815301076,1909f56bfc062723c751e8b465ee728b)
Start importing Assets/Animations/HealthBar/Image.controller using Guid(5b690009d6a89484697dfc4ec12283b7) Importer(815301076,1909f56bfc062723c751e8b465ee728b)  -> (artifact id: '880b351c6b2ce231880f1f86f07c5f25') in 0.103567 seconds
  Import took 0.139611 seconds .

========================================================================
Received Prepare
Registering precompiled user dll's ...
Registered in 0.005450 seconds.
Begin MonoManager ReloadAssembly
Native extension for WindowsStandalone target not found
Refreshing native plugins compatible for Editor in 1.23 ms, found 0 plugins.
Preloading 0 native plugins for Editor in 0.00 ms.
Invoked RoslynAnalysisRunner static constructor.
RoslynAnalysisRunner will not be running.
RoslynAnalysisRunner has terminated.
Mono: successfully reloaded assembly
- Completed reload, in  4.474 seconds
Platform modules already initialized, skipping
Refreshing native plugins compatible for Editor in 2.13 ms, found 0 plugins.
Preloading 0 native plugins for Editor in 0.00 ms.
Unloading 1688 Unused Serialized files (Serialized files now loaded: 0)
System memory in use before: 77.5 MB.
System memory in use after: 77.6 MB.

Unloading 33 unused Assets to reduce memory usage. Loaded Objects now: 2166.
Total: 22.025200 ms (FindLiveObjects: 0.568800 ms CreateObjectMapping: 1.389900 ms MarkObjects: 19.980100 ms  DeleteObjects: 0.074900 ms)

========================================================================
Received Import Request.
  Time since last request: 46.103459 seconds.
  path: Assets/Animations/HealthBar/HealthBar_0.anim
  artifactKey: Guid(65302ad4f7483f04c99e11a1a535b090) Importer(815301076,1909f56bfc062723c751e8b465ee728b)
Start importing Assets/Animations/HealthBar/HealthBar_0.anim using Guid(65302ad4f7483f04c99e11a1a535b090) Importer(815301076,1909f56bfc062723c751e8b465ee728b)  -> (artifact id: '886e8ca8361bb9b9f0800ccf163f7537') in 0.077931 seconds
  Import took 0.084139 seconds .

========================================================================
Received Import Request.
  Time since last request: 0.069881 seconds.
  path: Assets/Animations/HealthBar/HealthBar_0.anim
  artifactKey: Guid(65302ad4f7483f04c99e11a1a535b090) Importer(815301076,1909f56bfc062723c751e8b465ee728b)
Start importing Assets/Animations/HealthBar/HealthBar_0.anim using Guid(65302ad4f7483f04c99e11a1a535b090) Importer(815301076,1909f56bfc062723c751e8b465ee728b)  -> (artifact id: '886e8ca8361bb9b9f0800ccf163f7537') in 0.034072 seconds
  Import took 0.045891 seconds .

========================================================================
Received Import Request.
  Time since last request: 2.206814 seconds.
  path: Assets/Animations/HealthBar/HealthBar_1.anim
  artifactKey: Guid(621b9542d0e048e46ab1e29483241935) Importer(815301076,1909f56bfc062723c751e8b465ee728b)
Start importing Assets/Animations/HealthBar/HealthBar_1.anim using Guid(621b9542d0e048e46ab1e29483241935) Importer(815301076,1909f56bfc062723c751e8b465ee728b)  -> (artifact id: '88ce20c05ca5943d54c64be1caf04876') in 0.054659 seconds
  Import took 0.066818 seconds .

========================================================================
Received Import Request.
  Time since last request: 1.790595 seconds.
  path: Assets/Animations/HealthBar/HealthBar_2.anim
  artifactKey: Guid(bac3d10e32e11fd459289d26e6516775) Importer(815301076,1909f56bfc062723c751e8b465ee728b)
Start importing Assets/Animations/HealthBar/HealthBar_2.anim using Guid(bac3d10e32e11fd459289d26e6516775) Importer(815301076,1909f56bfc062723c751e8b465ee728b)  -> (artifact id: '10f54ac1bbfec76dc325e824f6c68e08') in 0.109899 seconds
  Import took 0.141700 seconds .

========================================================================
Received Import Request.
  Time since last request: 1.587004 seconds.
  path: Assets/Animations/HealthBar/HealthBar_3.anim
  artifactKey: Guid(b1a735245aab9cc429b5d823caac49f4) Importer(815301076,1909f56bfc062723c751e8b465ee728b)
Start importing Assets/Animations/HealthBar/HealthBar_3.anim using Guid(b1a735245aab9cc429b5d823caac49f4) Importer(815301076,1909f56bfc062723c751e8b465ee728b)  -> (artifact id: '62140c83d8c255c60e36c98c86b0b698') in 0.095546 seconds
  Import took 0.131222 seconds .

========================================================================
Received Import Request.
  Time since last request: 1.479393 seconds.
  path: Assets/Animations/HealthBar/HealthBar_4.anim
  artifactKey: Guid(16b184635db5e744e931b45106e86fe0) Importer(815301076,1909f56bfc062723c751e8b465ee728b)
Start importing Assets/Animations/HealthBar/HealthBar_4.anim using Guid(16b184635db5e744e931b45106e86fe0) Importer(815301076,1909f56bfc062723c751e8b465ee728b)  -> (artifact id: '8da63ddaa26736723031fa49cacde6bd') in 0.140319 seconds
  Import took 0.163583 seconds .

========================================================================
Received Import Request.
  Time since last request: 1.272138 seconds.
  path: Assets/Animations/HealthBar/HealthBar_6.anim
  artifactKey: Guid(b548fd993dbbb8a4a8518c49227d47e6) Importer(815301076,1909f56bfc062723c751e8b465ee728b)
Start importing Assets/Animations/HealthBar/HealthBar_6.anim using Guid(b548fd993dbbb8a4a8518c49227d47e6) Importer(815301076,1909f56bfc062723c751e8b465ee728b)  -> (artifact id: '4fcc6a9150d9f61f948443aaf4613496') in 0.075253 seconds
  Import took 0.095642 seconds .

========================================================================
Received Import Request.
  Time since last request: 1.792318 seconds.
  path: Assets/Animations/HealthBar/HealthBar_5.anim
  artifactKey: Guid(fdad0dec2fdbfd84bbbb5176b5b27ef2) Importer(815301076,1909f56bfc062723c751e8b465ee728b)
Start importing Assets/Animations/HealthBar/HealthBar_5.anim using Guid(fdad0dec2fdbfd84bbbb5176b5b27ef2) Importer(815301076,1909f56bfc062723c751e8b465ee728b)  -> (artifact id: '35166b1882eaaf30f7af3bb4edea12c7') in 0.092032 seconds
  Import took 0.182183 seconds .

========================================================================
Received Import Request.
  Time since last request: 1.189643 seconds.
  path: Assets/Animations/HealthBar/HealthBar_7.anim
  artifactKey: Guid(d5a891990a2d76a4eaa9acb08759792a) Importer(815301076,1909f56bfc062723c751e8b465ee728b)
Start importing Assets/Animations/HealthBar/HealthBar_7.anim using Guid(d5a891990a2d76a4eaa9acb08759792a) Importer(815301076,1909f56bfc062723c751e8b465ee728b)  -> (artifact id: '87e4270a1d7e46774ff2433bed1bfadd') in 0.102263 seconds
  Import took 0.121434 seconds .

========================================================================
Received Import Request.
  Time since last request: 1.667778 seconds.
  path: Assets/Animations/HealthBar/HealthBar_8.anim
  artifactKey: Guid(9406df11969a5c14aa468d00d41da877) Importer(815301076,1909f56bfc062723c751e8b465ee728b)
Start importing Assets/Animations/HealthBar/HealthBar_8.anim using Guid(9406df11969a5c14aa468d00d41da877) Importer(815301076,1909f56bfc062723c751e8b465ee728b)  -> (artifact id: '1745747107a18385c38f3ff62dff16e3') in 0.138456 seconds
  Import took 0.163992 seconds .

========================================================================
Received Import Request.
  Time since last request: 1.426912 seconds.
  path: Assets/Animations/HealthBar/HealthBar_9.anim
  artifactKey: Guid(a7a443bf1a1e0d440a2e6728266d9ffd) Importer(815301076,1909f56bfc062723c751e8b465ee728b)
Start importing Assets/Animations/HealthBar/HealthBar_9.anim using Guid(a7a443bf1a1e0d440a2e6728266d9ffd) Importer(815301076,1909f56bfc062723c751e8b465ee728b)  -> (artifact id: '72b7e89cbe61bdb56c2df77da4df7a96') in 0.095754 seconds
  Import took 0.136693 seconds .

========================================================================
Received Import Request.
  Time since last request: 1.943885 seconds.
  path: Assets/Animations/HealthBar/HealthBar_10.anim
  artifactKey: Guid(002f8604bde58f14a8455e102854cc28) Importer(815301076,1909f56bfc062723c751e8b465ee728b)
Start importing Assets/Animations/HealthBar/HealthBar_10.anim using Guid(002f8604bde58f14a8455e102854cc28) Importer(815301076,1909f56bfc062723c751e8b465ee728b)  -> (artifact id: '566b77f033a3066c84be30788bd77ca2') in 0.145353 seconds
  Import took 0.181274 seconds .

========================================================================
Received Import Request.
  Time since last request: 1.270632 seconds.
  path: Assets/Animations/HealthBar/HealthBar_11.anim
  artifactKey: Guid(511bc17ab9a7a4d48b679b91754b0741) Importer(815301076,1909f56bfc062723c751e8b465ee728b)
Start importing Assets/Animations/HealthBar/HealthBar_11.anim using Guid(511bc17ab9a7a4d48b679b91754b0741) Importer(815301076,1909f56bfc062723c751e8b465ee728b)  -> (artifact id: 'e2eb4d9dff4618bfb2334d739b3dce6d') in 0.093760 seconds
  Import took 0.118855 seconds .

========================================================================
Received Import Request.
  Time since last request: 1.607021 seconds.
  path: Assets/Animations/HealthBar/HealthBar_12.anim
  artifactKey: Guid(ae84dcb33cad50d4ebb0ab54442193d1) Importer(815301076,1909f56bfc062723c751e8b465ee728b)
Start importing Assets/Animations/HealthBar/HealthBar_12.anim using Guid(ae84dcb33cad50d4ebb0ab54442193d1) Importer(815301076,1909f56bfc062723c751e8b465ee728b)  -> (artifact id: '077a3e128d0eb4eec607eb12520dd064') in 0.069372 seconds
  Import took 0.115441 seconds .

========================================================================
Received Import Request.
  Time since last request: 1.484459 seconds.
  path: Assets/Animations/HealthBar/HealthBar_13.anim
  artifactKey: Guid(f533e08d2d4ef5342b3591c5c023b2e5) Importer(815301076,1909f56bfc062723c751e8b465ee728b)
Start importing Assets/Animations/HealthBar/HealthBar_13.anim using Guid(f533e08d2d4ef5342b3591c5c023b2e5) Importer(815301076,1909f56bfc062723c751e8b465ee728b)  -> (artifact id: '48a06da51005b38c93eb8c5434edec80') in 0.070013 seconds
  Import took 0.110670 seconds .

========================================================================
Received Import Request.
  Time since last request: 2.142855 seconds.
  path: Assets/Animations/HealthBar/HealthBar_14.anim
  artifactKey: Guid(7bc6ef429156ae348b3f9f386c667d9d) Importer(815301076,1909f56bfc062723c751e8b465ee728b)
Start importing Assets/Animations/HealthBar/HealthBar_14.anim using Guid(7bc6ef429156ae348b3f9f386c667d9d) Importer(815301076,1909f56bfc062723c751e8b465ee728b)  -> (artifact id: '2823d6a6d76d21a5bf431b9ed2f0d87d') in 0.046475 seconds
  Import took 0.095150 seconds .

========================================================================
Received Import Request.
  Time since last request: 1.112526 seconds.
  path: Assets/Animations/HealthBar/HealthBar_15.anim
  artifactKey: Guid(a06897cfaf1d57642bee7f1a22563e88) Importer(815301076,1909f56bfc062723c751e8b465ee728b)
Start importing Assets/Animations/HealthBar/HealthBar_15.anim using Guid(a06897cfaf1d57642bee7f1a22563e88) Importer(815301076,1909f56bfc062723c751e8b465ee728b)  -> (artifact id: 'a6178cb9efc228e5b6b2939ab9482e9d') in 0.064523 seconds
  Import took 0.116887 seconds .

========================================================================
Received Import Request.
  Time since last request: 1.767759 seconds.
  path: Assets/Animations/HealthBar/HealthBar_16.anim
  artifactKey: Guid(39f480114d7f9fa41ac0dfc04b973d45) Importer(815301076,1909f56bfc062723c751e8b465ee728b)
Start importing Assets/Animations/HealthBar/HealthBar_16.anim using Guid(39f480114d7f9fa41ac0dfc04b973d45) Importer(815301076,1909f56bfc062723c751e8b465ee728b)  -> (artifact id: '96966aeb5c000d96b03a443501482dd6') in 0.096754 seconds
  Import took 0.130449 seconds .

========================================================================
Received Import Request.
  Time since last request: 1.408646 seconds.
  path: Assets/Animations/HealthBar/HealthBar_17.anim
  artifactKey: Guid(3f4c43bd9ee44a440a7b7c5f2e4f936b) Importer(815301076,1909f56bfc062723c751e8b465ee728b)
Start importing Assets/Animations/HealthBar/HealthBar_17.anim using Guid(3f4c43bd9ee44a440a7b7c5f2e4f936b) Importer(815301076,1909f56bfc062723c751e8b465ee728b)  -> (artifact id: 'c4da83fdbb18d55ba6296cd866721369') in 0.089444 seconds
  Import took 0.122100 seconds .

========================================================================
Received Import Request.
  Time since last request: 1.472804 seconds.
  path: Assets/Animations/HealthBar/HealthBar_18.anim
  artifactKey: Guid(e3d08ecd8a0d93043b0864030e1df87b) Importer(815301076,1909f56bfc062723c751e8b465ee728b)
Start importing Assets/Animations/HealthBar/HealthBar_18.anim using Guid(e3d08ecd8a0d93043b0864030e1df87b) Importer(815301076,1909f56bfc062723c751e8b465ee728b)  -> (artifact id: '6e192ba3980e00382e722d6ff090468f') in 0.096313 seconds
  Import took 0.118837 seconds .

========================================================================
Received Import Request.
  Time since last request: 1.962624 seconds.
  path: Assets/Animations/HealthBar/HealthBar_19.anim
  artifactKey: Guid(08b0f7f453ef5f34ba1cccd84be3a911) Importer(815301076,1909f56bfc062723c751e8b465ee728b)
Start importing Assets/Animations/HealthBar/HealthBar_19.anim using Guid(08b0f7f453ef5f34ba1cccd84be3a911) Importer(815301076,1909f56bfc062723c751e8b465ee728b)  -> (artifact id: 'ef13a732d861bac8b3f2202b7e1e348e') in 0.098525 seconds
  Import took 0.128164 seconds .

========================================================================
Received Import Request.
  Time since last request: 3.141639 seconds.
  path: Assets/Animations/HealthBar/HealthBar_20.anim
  artifactKey: Guid(b6999ac2830da414b9083fa9041ba669) Importer(815301076,1909f56bfc062723c751e8b465ee728b)
Start importing Assets/Animations/HealthBar/HealthBar_20.anim using Guid(b6999ac2830da414b9083fa9041ba669) Importer(815301076,1909f56bfc062723c751e8b465ee728b)  -> (artifact id: '2468e3594004a7697e193051eae1d341') in 0.074877 seconds
  Import took 0.105560 seconds .

========================================================================
Received Prepare
Registering precompiled user dll's ...
Registered in 0.005492 seconds.
Begin MonoManager ReloadAssembly
Native extension for WindowsStandalone target not found
Refreshing native plugins compatible for Editor in 1.18 ms, found 0 plugins.
Preloading 0 native plugins for Editor in 0.00 ms.
Invoked RoslynAnalysisRunner static constructor.
RoslynAnalysisRunner will not be running.
RoslynAnalysisRunner has terminated.
Mono: successfully reloaded assembly
- Completed reload, in  2.622 seconds
Platform modules already initialized, skipping
Refreshing native plugins compatible for Editor in 1.24 ms, found 0 plugins.
Preloading 0 native plugins for Editor in 0.00 ms.
Unloading 1688 Unused Serialized files (Serialized files now loaded: 0)
System memory in use before: 77.6 MB.
System memory in use after: 77.7 MB.

Unloading 33 unused Assets to reduce memory usage. Loaded Objects now: 2169.
Total: 11.876900 ms (FindLiveObjects: 0.416600 ms CreateObjectMapping: 0.104000 ms MarkObjects: 11.284600 ms  DeleteObjects: 0.062000 ms)

========================================================================
Received Import Request.
  Time since last request: 18.446717 seconds.
  path: Assets/Animations/HealthBar/HealthBar.controller
  artifactKey: Guid(5b690009d6a89484697dfc4ec12283b7) Importer(815301076,1909f56bfc062723c751e8b465ee728b)
Start importing Assets/Animations/HealthBar/HealthBar.controller using Guid(5b690009d6a89484697dfc4ec12283b7) Importer(815301076,1909f56bfc062723c751e8b465ee728b)  -> (artifact id: 'b8207488b911f87013e3845d60fafb48') in 0.069051 seconds
  Import took 0.098706 seconds .

========================================================================
Received Prepare
Registering precompiled user dll's ...
Registered in 0.006293 seconds.
Begin MonoManager ReloadAssembly
Native extension for WindowsStandalone target not found
Refreshing native plugins compatible for Editor in 1.34 ms, found 0 plugins.
Preloading 0 native plugins for Editor in 0.00 ms.
Invoked RoslynAnalysisRunner static constructor.
RoslynAnalysisRunner will not be running.
RoslynAnalysisRunner has terminated.
Mono: successfully reloaded assembly
- Completed reload, in  2.821 seconds
Platform modules already initialized, skipping
Refreshing native plugins compatible for Editor in 1.25 ms, found 0 plugins.
Preloading 0 native plugins for Editor in 0.00 ms.
Unloading 1688 Unused Serialized files (Serialized files now loaded: 0)
System memory in use before: 77.6 MB.
System memory in use after: 77.7 MB.

Unloading 33 unused Assets to reduce memory usage. Loaded Objects now: 2172.
Total: 15.013300 ms (FindLiveObjects: 0.565500 ms CreateObjectMapping: 0.114700 ms MarkObjects: 14.265700 ms  DeleteObjects: 0.057000 ms)

========================================================================
Received Import Request.
  Time since last request: 751.903383 seconds.
  path: Assets/Scripts/PlayerMovement.cs
  artifactKey: Guid(349e30ad36de2934f9124f8e617f073d) Importer(815301076,1909f56bfc062723c751e8b465ee728b)
Start importing Assets/Scripts/PlayerMovement.cs using Guid(349e30ad36de2934f9124f8e617f073d) Importer(815301076,1909f56bfc062723c751e8b465ee728b)  -> (artifact id: '8a5473aec57a859ec3e30da434feddf2') in 0.141178 seconds
  Import took 0.147394 seconds .

========================================================================
Received Import Request.
  Time since last request: 0.000383 seconds.
  path: Assets/Animations/HealthBar/HealthBar.controller
  artifactKey: Guid(5b690009d6a89484697dfc4ec12283b7) Importer(815301076,1909f56bfc062723c751e8b465ee728b)
Start importing Assets/Animations/HealthBar/HealthBar.controller using Guid(5b690009d6a89484697dfc4ec12283b7) Importer(815301076,1909f56bfc062723c751e8b465ee728b)  -> (artifact id: 'b7bb05cb283bf409f2b55165e68aa033') in 0.090716 seconds
  Import took 0.104011 seconds .

========================================================================
Received Import Request.
  Time since last request: 63.735566 seconds.
  path: Assets/Scripts/PlayerCombat.cs
  artifactKey: Guid(96530aaff26d80a499d8daa410ec28d4) Importer(815301076,1909f56bfc062723c751e8b465ee728b)
Start importing Assets/Scripts/PlayerCombat.cs using Guid(96530aaff26d80a499d8daa410ec28d4) Importer(815301076,1909f56bfc062723c751e8b465ee728b)  -> (artifact id: 'e12289557d72f54146e06657afe9b4f8') in 0.074049 seconds
  Import took 0.080282 seconds .

========================================================================
Received Prepare
Registering precompiled user dll's ...
Registered in 0.005695 seconds.
Begin MonoManager ReloadAssembly
Native extension for WindowsStandalone target not found
Refreshing native plugins compatible for Editor in 1.57 ms, found 0 plugins.
Preloading 0 native plugins for Editor in 0.00 ms.
Invoked RoslynAnalysisRunner static constructor.
RoslynAnalysisRunner will not be running.
RoslynAnalysisRunner has terminated.
Mono: successfully reloaded assembly
- Completed reload, in  6.543 seconds
Platform modules already initialized, skipping
Refreshing native plugins compatible for Editor in 1.24 ms, found 0 plugins.
Preloading 0 native plugins for Editor in 0.00 ms.
Unloading 1688 Unused Serialized files (Serialized files now loaded: 0)
System memory in use before: 77.6 MB.
System memory in use after: 77.7 MB.

Unloading 33 unused Assets to reduce memory usage. Loaded Objects now: 2175.
Total: 78.948600 ms (FindLiveObjects: 0.465800 ms CreateObjectMapping: 0.111300 ms MarkObjects: 78.283600 ms  DeleteObjects: 0.076900 ms)

========================================================================
Received Import Request.
  Time since last request: 864.358391 seconds.
  path: Assets/Scripts/PlayerCombat.cs
  artifactKey: Guid(96530aaff26d80a499d8daa410ec28d4) Importer(815301076,1909f56bfc062723c751e8b465ee728b)
Start importing Assets/Scripts/PlayerCombat.cs using Guid(96530aaff26d80a499d8daa410ec28d4) Importer(815301076,1909f56bfc062723c751e8b465ee728b)  -> (artifact id: '33065c4306d2adefd657f2190de67d26') in 0.199226 seconds
  Import took 0.222840 seconds .

========================================================================
Received Import Request.
  Time since last request: 24.814245 seconds.
  path: Assets/Animations/HealthBar
  artifactKey: Guid(971c747031e87db46a8d5e9b5154b4bd) Importer(815301076,1909f56bfc062723c751e8b465ee728b)
Start importing Assets/Animations/HealthBar using Guid(971c747031e87db46a8d5e9b5154b4bd) Importer(815301076,1909f56bfc062723c751e8b465ee728b)  -> (artifact id: 'b30da9d33613f150703ea98062e11801') in 1.140120 seconds
  Import took 1.146453 seconds .

========================================================================
Received Import Request.
  Time since last request: 0.136499 seconds.
  path: Assets/Animations/HealthBar/HealthBar_20.anim
  artifactKey: Guid(b6999ac2830da414b9083fa9041ba669) Importer(815301076,1909f56bfc062723c751e8b465ee728b)
Start importing Assets/Animations/HealthBar/HealthBar_20.anim using Guid(b6999ac2830da414b9083fa9041ba669) Importer(815301076,1909f56bfc062723c751e8b465ee728b)  -> (artifact id: 'ceab6fb7d40cb31949a849f5ef5885f3') in 0.155108 seconds
  Import took 0.167075 seconds .

========================================================================
Received Import Request.
  Time since last request: 0.633255 seconds.
  path: Assets/Animations/HealthBar/HealthBar_19.anim
  artifactKey: Guid(08b0f7f453ef5f34ba1cccd84be3a911) Importer(815301076,1909f56bfc062723c751e8b465ee728b)
Start importing Assets/Animations/HealthBar/HealthBar_19.anim using Guid(08b0f7f453ef5f34ba1cccd84be3a911) Importer(815301076,1909f56bfc062723c751e8b465ee728b)  -> (artifact id: 'fa98caafaf5d2a30a3f80fa1ecd9a197') in 1.280779 seconds
  Import took 1.380708 seconds .

========================================================================
Received Import Request.
  Time since last request: 0.001029 seconds.
  path: Assets/Animations/HealthBar/HealthBar_18.anim
  artifactKey: Guid(e3d08ecd8a0d93043b0864030e1df87b) Importer(815301076,1909f56bfc062723c751e8b465ee728b)
Start importing Assets/Animations/HealthBar/HealthBar_18.anim using Guid(e3d08ecd8a0d93043b0864030e1df87b) Importer(815301076,1909f56bfc062723c751e8b465ee728b)  -> (artifact id: '7d75ded81ecff8903e79ec9f762bde0b') in 2.373701 seconds
  Import took 2.435211 seconds .

========================================================================
Received Import Request.
  Time since last request: 0.000868 seconds.
  path: Assets/Animations/HealthBar/HealthBar_0.anim
  artifactKey: Guid(65302ad4f7483f04c99e11a1a535b090) Importer(815301076,1909f56bfc062723c751e8b465ee728b)
Start importing Assets/Animations/HealthBar/HealthBar_0.anim using Guid(65302ad4f7483f04c99e11a1a535b090) Importer(815301076,1909f56bfc062723c751e8b465ee728b)  -> (artifact id: 'f102da70c8926e98019354c812db7486') in 0.140185 seconds
  Import took 0.160389 seconds .

========================================================================
Received Prepare
Registering precompiled user dll's ...
Registered in 0.005774 seconds.
Begin MonoManager ReloadAssembly
Native extension for WindowsStandalone target not found
Refreshing native plugins compatible for Editor in 7.90 ms, found 0 plugins.
Preloading 0 native plugins for Editor in 0.00 ms.
Invoked RoslynAnalysisRunner static constructor.
RoslynAnalysisRunner will not be running.
RoslynAnalysisRunner has terminated.
Mono: successfully reloaded assembly
- Completed reload, in  5.886 seconds
Platform modules already initialized, skipping
Refreshing native plugins compatible for Editor in 1.44 ms, found 0 plugins.
Preloading 0 native plugins for Editor in 0.00 ms.
Unloading 1688 Unused Serialized files (Serialized files now loaded: 0)
System memory in use before: 77.6 MB.
System memory in use after: 77.7 MB.

Unloading 33 unused Assets to reduce memory usage. Loaded Objects now: 2178.
Total: 39.206100 ms (FindLiveObjects: 0.727200 ms CreateObjectMapping: 0.514400 ms MarkObjects: 37.879000 ms  DeleteObjects: 0.072900 ms)

========================================================================
Received Import Request.
  Time since last request: 240.464114 seconds.
  path: Assets/Animations/HealthBar/HealthBar_17.anim
  artifactKey: Guid(3f4c43bd9ee44a440a7b7c5f2e4f936b) Importer(815301076,1909f56bfc062723c751e8b465ee728b)
Start importing Assets/Animations/HealthBar/HealthBar_17.anim using Guid(3f4c43bd9ee44a440a7b7c5f2e4f936b) Importer(815301076,1909f56bfc062723c751e8b465ee728b)  -> (artifact id: '98c1372b91497d768c242560cc9f1345') in 1.697753 seconds
  Import took 1.719005 seconds .

========================================================================
Received Import Request.
  Time since last request: 52.958909 seconds.
  path: Assets/Animations/HealthBar/HealthBar_1.anim
  artifactKey: Guid(621b9542d0e048e46ab1e29483241935) Importer(815301076,1909f56bfc062723c751e8b465ee728b)
Start importing Assets/Animations/HealthBar/HealthBar_1.anim using Guid(621b9542d0e048e46ab1e29483241935) Importer(815301076,1909f56bfc062723c751e8b465ee728b)  -> (artifact id: '69a2f9a2a99d415a97334d0fea9e6526') in 1.356368 seconds
  Import took 1.382366 seconds .

========================================================================
Received Prepare
Registering precompiled user dll's ...
Registered in 0.005889 seconds.
Begin MonoManager ReloadAssembly
Native extension for WindowsStandalone target not found
Refreshing native plugins compatible for Editor in 1.88 ms, found 0 plugins.
Preloading 0 native plugins for Editor in 0.00 ms.
Invoked RoslynAnalysisRunner static constructor.
RoslynAnalysisRunner will not be running.
RoslynAnalysisRunner has terminated.
Mono: successfully reloaded assembly
- Completed reload, in  3.447 seconds
Platform modules already initialized, skipping
Refreshing native plugins compatible for Editor in 1.22 ms, found 0 plugins.
Preloading 0 native plugins for Editor in 0.00 ms.
Unloading 1688 Unused Serialized files (Serialized files now loaded: 0)
System memory in use before: 77.6 MB.
System memory in use after: 77.7 MB.

Unloading 33 unused Assets to reduce memory usage. Loaded Objects now: 2181.
Total: 13.930400 ms (FindLiveObjects: 0.425700 ms CreateObjectMapping: 0.112400 ms MarkObjects: 12.719500 ms  DeleteObjects: 0.660800 ms)

========================================================================
Received Prepare
Registering precompiled user dll's ...
Registered in 0.007569 seconds.
Begin MonoManager ReloadAssembly
Native extension for WindowsStandalone target not found
Refreshing native plugins compatible for Editor in 1.28 ms, found 0 plugins.
Preloading 0 native plugins for Editor in 0.00 ms.
Invoked RoslynAnalysisRunner static constructor.
RoslynAnalysisRunner will not be running.
RoslynAnalysisRunner has terminated.
Mono: successfully reloaded assembly
- Completed reload, in  3.049 seconds
Platform modules already initialized, skipping
Refreshing native plugins compatible for Editor in 1.26 ms, found 0 plugins.
Preloading 0 native plugins for Editor in 0.00 ms.
Unloading 1688 Unused Serialized files (Serialized files now loaded: 0)
System memory in use before: 77.6 MB.
System memory in use after: 77.7 MB.

Unloading 33 unused Assets to reduce memory usage. Loaded Objects now: 2184.
Total: 14.541500 ms (FindLiveObjects: 0.469700 ms CreateObjectMapping: 0.125100 ms MarkObjects: 13.871300 ms  DeleteObjects: 0.065200 ms)

========================================================================
Received Prepare
Registering precompiled user dll's ...
Registered in 0.005496 seconds.
Begin MonoManager ReloadAssembly
Native extension for WindowsStandalone target not found
Refreshing native plugins compatible for Editor in 1.83 ms, found 0 plugins.
Preloading 0 native plugins for Editor in 0.00 ms.
Invoked RoslynAnalysisRunner static constructor.
RoslynAnalysisRunner will not be running.
RoslynAnalysisRunner has terminated.
Mono: successfully reloaded assembly
- Completed reload, in  2.990 seconds
Platform modules already initialized, skipping
Refreshing native plugins compatible for Editor in 1.37 ms, found 0 plugins.
Preloading 0 native plugins for Editor in 0.00 ms.
Unloading 1688 Unused Serialized files (Serialized files now loaded: 0)
System memory in use before: 77.6 MB.
System memory in use after: 77.7 MB.

Unloading 33 unused Assets to reduce memory usage. Loaded Objects now: 2187.
Total: 16.444600 ms (FindLiveObjects: 0.658500 ms CreateObjectMapping: 0.138700 ms MarkObjects: 15.549000 ms  DeleteObjects: 0.086300 ms)

========================================================================
Received Prepare
Registering precompiled user dll's ...
Registered in 0.010979 seconds.
Begin MonoManager ReloadAssembly
Native extension for WindowsStandalone target not found
Refreshing native plugins compatible for Editor in 1.23 ms, found 0 plugins.
Preloading 0 native plugins for Editor in 0.00 ms.
Invoked RoslynAnalysisRunner static constructor.
RoslynAnalysisRunner will not be running.
RoslynAnalysisRunner has terminated.
Mono: successfully reloaded assembly
- Completed reload, in  3.410 seconds
Platform modules already initialized, skipping
Refreshing native plugins compatible for Editor in 1.28 ms, found 0 plugins.
Preloading 0 native plugins for Editor in 0.00 ms.
Unloading 1688 Unused Serialized files (Serialized files now loaded: 0)
System memory in use before: 77.6 MB.
System memory in use after: 77.7 MB.

Unloading 33 unused Assets to reduce memory usage. Loaded Objects now: 2190.
Total: 12.559600 ms (FindLiveObjects: 0.429300 ms CreateObjectMapping: 0.111300 ms MarkObjects: 11.955600 ms  DeleteObjects: 0.053900 ms)

========================================================================
Received Prepare
Registering precompiled user dll's ...
Registered in 0.005481 seconds.
Begin MonoManager ReloadAssembly
Native extension for WindowsStandalone target not found
Refreshing native plugins compatible for Editor in 1.39 ms, found 0 plugins.
Preloading 0 native plugins for Editor in 0.00 ms.
Invoked RoslynAnalysisRunner static constructor.
RoslynAnalysisRunner will not be running.
RoslynAnalysisRunner has terminated.
Mono: successfully reloaded assembly
- Completed reload, in  3.129 seconds
Platform modules already initialized, skipping
Refreshing native plugins compatible for Editor in 1.35 ms, found 0 plugins.
Preloading 0 native plugins for Editor in 0.00 ms.
Unloading 1688 Unused Serialized files (Serialized files now loaded: 0)
System memory in use before: 77.6 MB.
System memory in use after: 77.7 MB.

Unloading 33 unused Assets to reduce memory usage. Loaded Objects now: 2193.
Total: 16.718800 ms (FindLiveObjects: 0.581700 ms CreateObjectMapping: 0.171000 ms MarkObjects: 15.867700 ms  DeleteObjects: 0.086500 ms)

========================================================================
Received Prepare
Registering precompiled user dll's ...
Registered in 0.075743 seconds.
Begin MonoManager ReloadAssembly
Native extension for WindowsStandalone target not found
Refreshing native plugins compatible for Editor in 1.42 ms, found 0 plugins.
Preloading 0 native plugins for Editor in 0.00 ms.
Invoked RoslynAnalysisRunner static constructor.
RoslynAnalysisRunner will not be running.
RoslynAnalysisRunner has terminated.
Mono: successfully reloaded assembly
- Completed reload, in  3.374 seconds
Platform modules already initialized, skipping
Refreshing native plugins compatible for Editor in 1.43 ms, found 0 plugins.
Preloading 0 native plugins for Editor in 0.00 ms.
Unloading 1688 Unused Serialized files (Serialized files now loaded: 0)
System memory in use before: 77.6 MB.
System memory in use after: 77.8 MB.

Unloading 33 unused Assets to reduce memory usage. Loaded Objects now: 2196.
Total: 14.669700 ms (FindLiveObjects: 0.559400 ms CreateObjectMapping: 0.157600 ms MarkObjects: 13.887300 ms  DeleteObjects: 0.053900 ms)

========================================================================
Received Prepare
Registering precompiled user dll's ...
Registered in 0.005762 seconds.
Begin MonoManager ReloadAssembly
Native extension for WindowsStandalone target not found
Refreshing native plugins compatible for Editor in 1.58 ms, found 0 plugins.
Preloading 0 native plugins for Editor in 0.00 ms.
Invoked RoslynAnalysisRunner static constructor.
RoslynAnalysisRunner will not be running.
RoslynAnalysisRunner has terminated.
Mono: successfully reloaded assembly
- Completed reload, in  5.616 seconds
Platform modules already initialized, skipping
Refreshing native plugins compatible for Editor in 1.42 ms, found 0 plugins.
Preloading 0 native plugins for Editor in 0.00 ms.
Unloading 1688 Unused Serialized files (Serialized files now loaded: 0)
System memory in use before: 77.6 MB.
System memory in use after: 77.8 MB.

Unloading 33 unused Assets to reduce memory usage. Loaded Objects now: 2199.
Total: 21.241200 ms (FindLiveObjects: 0.561600 ms CreateObjectMapping: 0.148100 ms MarkObjects: 20.451200 ms  DeleteObjects: 0.069100 ms)

========================================================================
Received Prepare
Registering precompiled user dll's ...
Registered in 0.005646 seconds.
Begin MonoManager ReloadAssembly
Native extension for WindowsStandalone target not found
Refreshing native plugins compatible for Editor in 1.43 ms, found 0 plugins.
Preloading 0 native plugins for Editor in 0.00 ms.
Invoked RoslynAnalysisRunner static constructor.
RoslynAnalysisRunner will not be running.
RoslynAnalysisRunner has terminated.
Mono: successfully reloaded assembly
- Completed reload, in  6.098 seconds
Platform modules already initialized, skipping
Refreshing native plugins compatible for Editor in 6.79 ms, found 0 plugins.
Preloading 0 native plugins for Editor in 0.00 ms.
Unloading 1688 Unused Serialized files (Serialized files now loaded: 0)
System memory in use before: 77.7 MB.
System memory in use after: 77.8 MB.

Unloading 33 unused Assets to reduce memory usage. Loaded Objects now: 2202.
Total: 19.370100 ms (FindLiveObjects: 0.486200 ms CreateObjectMapping: 0.115600 ms MarkObjects: 18.697200 ms  DeleteObjects: 0.061300 ms)

========================================================================
Received Prepare
Registering precompiled user dll's ...
Registered in 0.007174 seconds.
Begin MonoManager ReloadAssembly
Native extension for WindowsStandalone target not found
Refreshing native plugins compatible for Editor in 1.33 ms, found 0 plugins.
Preloading 0 native plugins for Editor in 0.00 ms.
Invoked RoslynAnalysisRunner static constructor.
RoslynAnalysisRunner will not be running.
RoslynAnalysisRunner has terminated.
Mono: successfully reloaded assembly
- Completed reload, in  2.893 seconds
Platform modules already initialized, skipping
Refreshing native plugins compatible for Editor in 1.80 ms, found 0 plugins.
Preloading 0 native plugins for Editor in 0.00 ms.
Unloading 1688 Unused Serialized files (Serialized files now loaded: 0)
System memory in use before: 77.7 MB.
System memory in use after: 77.8 MB.

Unloading 33 unused Assets to reduce memory usage. Loaded Objects now: 2205.
Total: 13.585700 ms (FindLiveObjects: 0.542700 ms CreateObjectMapping: 0.150200 ms MarkObjects: 12.827100 ms  DeleteObjects: 0.055900 ms)

========================================================================
Received Prepare
Registering precompiled user dll's ...
Registered in 0.012783 seconds.
Begin MonoManager ReloadAssembly
Native extension for WindowsStandalone target not found
Refreshing native plugins compatible for Editor in 1.49 ms, found 0 plugins.
Preloading 0 native plugins for Editor in 0.00 ms.
Invoked RoslynAnalysisRunner static constructor.
RoslynAnalysisRunner will not be running.
RoslynAnalysisRunner has terminated.
Mono: successfully reloaded assembly
- Completed reload, in  3.418 seconds
Platform modules already initialized, skipping
Refreshing native plugins compatible for Editor in 1.39 ms, found 0 plugins.
Preloading 0 native plugins for Editor in 0.00 ms.
Unloading 1688 Unused Serialized files (Serialized files now loaded: 0)
System memory in use before: 77.7 MB.
System memory in use after: 77.8 MB.

Unloading 33 unused Assets to reduce memory usage. Loaded Objects now: 2208.
Total: 12.717400 ms (FindLiveObjects: 0.613500 ms CreateObjectMapping: 0.165600 ms MarkObjects: 11.871600 ms  DeleteObjects: 0.057100 ms)

========================================================================
Received Prepare
Registering precompiled user dll's ...
Registered in 0.006585 seconds.
Begin MonoManager ReloadAssembly
Native extension for WindowsStandalone target not found
Refreshing native plugins compatible for Editor in 1.24 ms, found 0 plugins.
Preloading 0 native plugins for Editor in 0.00 ms.
Invoked RoslynAnalysisRunner static constructor.
RoslynAnalysisRunner will not be running.
RoslynAnalysisRunner has terminated.
Mono: successfully reloaded assembly
- Completed reload, in  2.890 seconds
Platform modules already initialized, skipping
Refreshing native plugins compatible for Editor in 1.30 ms, found 0 plugins.
Preloading 0 native plugins for Editor in 0.00 ms.
Unloading 1688 Unused Serialized files (Serialized files now loaded: 0)
System memory in use before: 77.7 MB.
System memory in use after: 77.8 MB.

Unloading 33 unused Assets to reduce memory usage. Loaded Objects now: 2211.
Total: 12.502500 ms (FindLiveObjects: 0.781500 ms CreateObjectMapping: 0.176400 ms MarkObjects: 11.475200 ms  DeleteObjects: 0.057600 ms)

========================================================================
Received Prepare
Registering precompiled user dll's ...
Registered in 0.007130 seconds.
Begin MonoManager ReloadAssembly
Native extension for WindowsStandalone target not found
Refreshing native plugins compatible for Editor in 1.79 ms, found 0 plugins.
Preloading 0 native plugins for Editor in 0.00 ms.
Invoked RoslynAnalysisRunner static constructor.
RoslynAnalysisRunner will not be running.
RoslynAnalysisRunner has terminated.
Mono: successfully reloaded assembly
- Completed reload, in  3.825 seconds
Platform modules already initialized, skipping
Refreshing native plugins compatible for Editor in 1.38 ms, found 0 plugins.
Preloading 0 native plugins for Editor in 0.00 ms.
Unloading 1688 Unused Serialized files (Serialized files now loaded: 0)
System memory in use before: 77.7 MB.
System memory in use after: 77.8 MB.

Unloading 33 unused Assets to reduce memory usage. Loaded Objects now: 2214.
Total: 14.210000 ms (FindLiveObjects: 0.491100 ms CreateObjectMapping: 0.158000 ms MarkObjects: 13.482200 ms  DeleteObjects: 0.068400 ms)

========================================================================
Received Prepare
Registering precompiled user dll's ...
Registered in 0.012781 seconds.
Begin MonoManager ReloadAssembly
Native extension for WindowsStandalone target not found
Refreshing native plugins compatible for Editor in 1.19 ms, found 0 plugins.
Preloading 0 native plugins for Editor in 0.00 ms.
Invoked RoslynAnalysisRunner static constructor.
RoslynAnalysisRunner will not be running.
RoslynAnalysisRunner has terminated.
Mono: successfully reloaded assembly
- Completed reload, in  3.197 seconds
Platform modules already initialized, skipping
Refreshing native plugins compatible for Editor in 1.55 ms, found 0 plugins.
Preloading 0 native plugins for Editor in 0.00 ms.
Unloading 1688 Unused Serialized files (Serialized files now loaded: 0)
System memory in use before: 77.7 MB.
System memory in use after: 77.8 MB.

Unloading 33 unused Assets to reduce memory usage. Loaded Objects now: 2217.
Total: 15.904500 ms (FindLiveObjects: 1.035200 ms CreateObjectMapping: 0.155100 ms MarkObjects: 14.643500 ms  DeleteObjects: 0.061400 ms)

========================================================================
Received Prepare
Registering precompiled user dll's ...
Registered in 0.011116 seconds.
Begin MonoManager ReloadAssembly
Native extension for WindowsStandalone target not found
Refreshing native plugins compatible for Editor in 1.21 ms, found 0 plugins.
Preloading 0 native plugins for Editor in 0.00 ms.
Invoked RoslynAnalysisRunner static constructor.
RoslynAnalysisRunner will not be running.
RoslynAnalysisRunner has terminated.
Mono: successfully reloaded assembly
- Completed reload, in  2.883 seconds
Platform modules already initialized, skipping
Refreshing native plugins compatible for Editor in 1.27 ms, found 0 plugins.
Preloading 0 native plugins for Editor in 0.00 ms.
Unloading 1688 Unused Serialized files (Serialized files now loaded: 0)
System memory in use before: 77.7 MB.
System memory in use after: 77.8 MB.

Unloading 33 unused Assets to reduce memory usage. Loaded Objects now: 2220.
Total: 11.991800 ms (FindLiveObjects: 0.642400 ms CreateObjectMapping: 0.126900 ms MarkObjects: 11.152200 ms  DeleteObjects: 0.060100 ms)

========================================================================
Received Prepare
Registering precompiled user dll's ...
Registered in 0.007206 seconds.
Begin MonoManager ReloadAssembly
Native extension for WindowsStandalone target not found
Refreshing native plugins compatible for Editor in 1.26 ms, found 0 plugins.
Preloading 0 native plugins for Editor in 0.00 ms.
Invoked RoslynAnalysisRunner static constructor.
RoslynAnalysisRunner will not be running.
RoslynAnalysisRunner has terminated.
Mono: successfully reloaded assembly
- Completed reload, in  2.982 seconds
Platform modules already initialized, skipping
Refreshing native plugins compatible for Editor in 1.22 ms, found 0 plugins.
Preloading 0 native plugins for Editor in 0.00 ms.
Unloading 1688 Unused Serialized files (Serialized files now loaded: 0)
System memory in use before: 77.7 MB.
System memory in use after: 77.8 MB.

Unloading 33 unused Assets to reduce memory usage. Loaded Objects now: 2223.
Total: 11.844100 ms (FindLiveObjects: 0.423900 ms CreateObjectMapping: 0.108400 ms MarkObjects: 11.245500 ms  DeleteObjects: 0.056500 ms)

========================================================================
Received Prepare
Registering precompiled user dll's ...
Registered in 0.043716 seconds.
Begin MonoManager ReloadAssembly
Native extension for WindowsStandalone target not found
Refreshing native plugins compatible for Editor in 1.59 ms, found 0 plugins.
Preloading 0 native plugins for Editor in 0.00 ms.
Invoked RoslynAnalysisRunner static constructor.
RoslynAnalysisRunner will not be running.
RoslynAnalysisRunner has terminated.
Mono: successfully reloaded assembly
- Completed reload, in  2.986 seconds
Platform modules already initialized, skipping
Refreshing native plugins compatible for Editor in 1.42 ms, found 0 plugins.
Preloading 0 native plugins for Editor in 0.00 ms.
Unloading 1688 Unused Serialized files (Serialized files now loaded: 0)
System memory in use before: 77.7 MB.
System memory in use after: 77.8 MB.

Unloading 33 unused Assets to reduce memory usage. Loaded Objects now: 2226.
Total: 12.450800 ms (FindLiveObjects: 0.555400 ms CreateObjectMapping: 0.139800 ms MarkObjects: 11.684200 ms  DeleteObjects: 0.061400 ms)

========================================================================
Received Import Request.
  Time since last request: 2830.104025 seconds.
  path: Assets/Scenes/Infinite.unity
  artifactKey: Guid(2a557e0d06825cc4a9a88b018a4ac345) Importer(815301076,1909f56bfc062723c751e8b465ee728b)
Start importing Assets/Scenes/Infinite.unity using Guid(2a557e0d06825cc4a9a88b018a4ac345) Importer(815301076,1909f56bfc062723c751e8b465ee728b)  -> (artifact id: '1e4ec93472d0ff1d703136f5b21c3b43') in 0.410914 seconds
  Import took 0.420737 seconds .

========================================================================
Received Prepare
Registering precompiled user dll's ...
Registered in 0.006238 seconds.
Begin MonoManager ReloadAssembly
Native extension for WindowsStandalone target not found
Refreshing native plugins compatible for Editor in 1.22 ms, found 0 plugins.
Preloading 0 native plugins for Editor in 0.00 ms.
Invoked RoslynAnalysisRunner static constructor.
RoslynAnalysisRunner will not be running.
RoslynAnalysisRunner has terminated.
Mono: successfully reloaded assembly
- Completed reload, in  5.180 seconds
Platform modules already initialized, skipping
Refreshing native plugins compatible for Editor in 1.90 ms, found 0 plugins.
Preloading 0 native plugins for Editor in 0.00 ms.
Unloading 1689 Unused Serialized files (Serialized files now loaded: 0)
System memory in use before: 77.7 MB.
System memory in use after: 77.8 MB.

Unloading 33 unused Assets to reduce memory usage. Loaded Objects now: 2230.
Total: 23.880200 ms (FindLiveObjects: 0.499800 ms CreateObjectMapping: 0.125000 ms MarkObjects: 23.129800 ms  DeleteObjects: 0.114400 ms)

========================================================================
Received Prepare
Registering precompiled user dll's ...
Registered in 0.006992 seconds.
Begin MonoManager ReloadAssembly
Native extension for WindowsStandalone target not found
Refreshing native plugins compatible for Editor in 1.21 ms, found 0 plugins.
Preloading 0 native plugins for Editor in 0.00 ms.
Invoked RoslynAnalysisRunner static constructor.
RoslynAnalysisRunner will not be running.
RoslynAnalysisRunner has terminated.
Mono: successfully reloaded assembly
- Completed reload, in  3.871 seconds
Platform modules already initialized, skipping
Refreshing native plugins compatible for Editor in 1.24 ms, found 0 plugins.
Preloading 0 native plugins for Editor in 0.00 ms.
Unloading 1689 Unused Serialized files (Serialized files now loaded: 0)
System memory in use before: 77.8 MB.
System memory in use after: 77.9 MB.

Unloading 33 unused Assets to reduce memory usage. Loaded Objects now: 2233.
Total: 12.159900 ms (FindLiveObjects: 0.479600 ms CreateObjectMapping: 0.129000 ms MarkObjects: 11.479700 ms  DeleteObjects: 0.061700 ms)

========================================================================
Received Prepare
Registering precompiled user dll's ...
Registered in 0.006058 seconds.
Begin MonoManager ReloadAssembly
Native extension for WindowsStandalone target not found
Refreshing native plugins compatible for Editor in 1.24 ms, found 0 plugins.
Preloading 0 native plugins for Editor in 0.00 ms.
Invoked RoslynAnalysisRunner static constructor.
RoslynAnalysisRunner will not be running.
RoslynAnalysisRunner has terminated.
Mono: successfully reloaded assembly
- Completed reload, in  3.631 seconds
Platform modules already initialized, skipping
Refreshing native plugins compatible for Editor in 1.25 ms, found 0 plugins.
Preloading 0 native plugins for Editor in 0.00 ms.
Unloading 1689 Unused Serialized files (Serialized files now loaded: 0)
System memory in use before: 77.8 MB.
System memory in use after: 77.9 MB.

Unloading 33 unused Assets to reduce memory usage. Loaded Objects now: 2236.
Total: 13.250800 ms (FindLiveObjects: 0.491200 ms CreateObjectMapping: 0.114800 ms MarkObjects: 12.576000 ms  DeleteObjects: 0.058700 ms)

========================================================================
Received Prepare
Registering precompiled user dll's ...
Registered in 0.007071 seconds.
Begin MonoManager ReloadAssembly
Native extension for WindowsStandalone target not found
Refreshing native plugins compatible for Editor in 1.64 ms, found 0 plugins.
Preloading 0 native plugins for Editor in 0.00 ms.
Invoked RoslynAnalysisRunner static constructor.
RoslynAnalysisRunner will not be running.
RoslynAnalysisRunner has terminated.
Mono: successfully reloaded assembly
- Completed reload, in  3.426 seconds
Platform modules already initialized, skipping
Refreshing native plugins compatible for Editor in 1.24 ms, found 0 plugins.
Preloading 0 native plugins for Editor in 0.00 ms.
Unloading 1689 Unused Serialized files (Serialized files now loaded: 0)
System memory in use before: 77.8 MB.
System memory in use after: 78.0 MB.

Unloading 33 unused Assets to reduce memory usage. Loaded Objects now: 2239.
Total: 16.024000 ms (FindLiveObjects: 0.600800 ms CreateObjectMapping: 0.124600 ms MarkObjects: 15.180500 ms  DeleteObjects: 0.106500 ms)

========================================================================
Received Prepare
Registering precompiled user dll's ...
Registered in 0.007299 seconds.
Begin MonoManager ReloadAssembly
Native extension for WindowsStandalone target not found
Refreshing native plugins compatible for Editor in 1.16 ms, found 0 plugins.
Preloading 0 native plugins for Editor in 0.00 ms.
Invoked RoslynAnalysisRunner static constructor.
RoslynAnalysisRunner will not be running.
RoslynAnalysisRunner has terminated.
Mono: successfully reloaded assembly
- Completed reload, in  2.839 seconds
Platform modules already initialized, skipping
Refreshing native plugins compatible for Editor in 1.52 ms, found 0 plugins.
Preloading 0 native plugins for Editor in 0.00 ms.
Unloading 1689 Unused Serialized files (Serialized files now loaded: 0)
System memory in use before: 77.9 MB.
System memory in use after: 78.0 MB.

Unloading 33 unused Assets to reduce memory usage. Loaded Objects now: 2242.
Total: 13.206100 ms (FindLiveObjects: 0.820000 ms CreateObjectMapping: 0.241400 ms MarkObjects: 12.075200 ms  DeleteObjects: 0.058900 ms)

========================================================================
Received Prepare
Registering precompiled user dll's ...
Registered in 0.006222 seconds.
Begin MonoManager ReloadAssembly
Native extension for WindowsStandalone target not found
Refreshing native plugins compatible for Editor in 1.19 ms, found 0 plugins.
Preloading 0 native plugins for Editor in 0.00 ms.
Invoked RoslynAnalysisRunner static constructor.
RoslynAnalysisRunner will not be running.
RoslynAnalysisRunner has terminated.
Mono: successfully reloaded assembly
- Completed reload, in  2.727 seconds
Platform modules already initialized, skipping
Refreshing native plugins compatible for Editor in 3.15 ms, found 0 plugins.
Preloading 0 native plugins for Editor in 0.00 ms.
Unloading 1689 Unused Serialized files (Serialized files now loaded: 0)
System memory in use before: 77.9 MB.
System memory in use after: 78.0 MB.

Unloading 33 unused Assets to reduce memory usage. Loaded Objects now: 2245.
Total: 11.710300 ms (FindLiveObjects: 0.431900 ms CreateObjectMapping: 0.109000 ms MarkObjects: 11.083700 ms  DeleteObjects: 0.075900 ms)

========================================================================
Received Prepare
Registering precompiled user dll's ...
Registered in 0.010408 seconds.
Begin MonoManager ReloadAssembly
Native extension for WindowsStandalone target not found
Refreshing native plugins compatible for Editor in 1.21 ms, found 0 plugins.
Preloading 0 native plugins for Editor in 0.00 ms.
Invoked RoslynAnalysisRunner static constructor.
RoslynAnalysisRunner will not be running.
RoslynAnalysisRunner has terminated.
Mono: successfully reloaded assembly
- Completed reload, in  2.936 seconds
Platform modules already initialized, skipping
Refreshing native plugins compatible for Editor in 1.71 ms, found 0 plugins.
Preloading 0 native plugins for Editor in 0.00 ms.
Unloading 1689 Unused Serialized files (Serialized files now loaded: 0)
System memory in use before: 77.9 MB.
System memory in use after: 78.0 MB.

Unloading 33 unused Assets to reduce memory usage. Loaded Objects now: 2248.
Total: 11.982800 ms (FindLiveObjects: 0.612300 ms CreateObjectMapping: 0.129500 ms MarkObjects: 11.156700 ms  DeleteObjects: 0.060400 ms)

========================================================================
Received Prepare
Registering precompiled user dll's ...
Registered in 0.013534 seconds.
Begin MonoManager ReloadAssembly
Native extension for WindowsStandalone target not found
Refreshing native plugins compatible for Editor in 1.48 ms, found 0 plugins.
Preloading 0 native plugins for Editor in 0.00 ms.
Invoked RoslynAnalysisRunner static constructor.
RoslynAnalysisRunner will not be running.
RoslynAnalysisRunner has terminated.
Mono: successfully reloaded assembly
- Completed reload, in  2.715 seconds
Platform modules already initialized, skipping
Refreshing native plugins compatible for Editor in 1.29 ms, found 0 plugins.
Preloading 0 native plugins for Editor in 0.00 ms.
Unloading 1689 Unused Serialized files (Serialized files now loaded: 0)
System memory in use before: 77.9 MB.
System memory in use after: 78.0 MB.

Unloading 33 unused Assets to reduce memory usage. Loaded Objects now: 2251.
Total: 11.921700 ms (FindLiveObjects: 0.436800 ms CreateObjectMapping: 0.112000 ms MarkObjects: 11.300500 ms  DeleteObjects: 0.062500 ms)

========================================================================
Received Prepare
Registering precompiled user dll's ...
Registered in 0.005704 seconds.
Begin MonoManager ReloadAssembly
Native extension for WindowsStandalone target not found
Refreshing native plugins compatible for Editor in 1.57 ms, found 0 plugins.
Preloading 0 native plugins for Editor in 0.00 ms.
Invoked RoslynAnalysisRunner static constructor.
RoslynAnalysisRunner will not be running.
RoslynAnalysisRunner has terminated.
Mono: successfully reloaded assembly
- Completed reload, in  4.735 seconds
Platform modules already initialized, skipping
Refreshing native plugins compatible for Editor in 1.32 ms, found 0 plugins.
Preloading 0 native plugins for Editor in 0.00 ms.
Unloading 1689 Unused Serialized files (Serialized files now loaded: 0)
System memory in use before: 77.9 MB.
System memory in use after: 78.0 MB.

Unloading 33 unused Assets to reduce memory usage. Loaded Objects now: 2254.
Total: 22.592200 ms (FindLiveObjects: 0.569300 ms CreateObjectMapping: 0.138600 ms MarkObjects: 21.806200 ms  DeleteObjects: 0.065600 ms)

========================================================================
Received Prepare
Registering precompiled user dll's ...
Registered in 0.015839 seconds.
Begin MonoManager ReloadAssembly
Native extension for WindowsStandalone target not found
Refreshing native plugins compatible for Editor in 1.49 ms, found 0 plugins.
Preloading 0 native plugins for Editor in 0.00 ms.
Invoked RoslynAnalysisRunner static constructor.
RoslynAnalysisRunner will not be running.
RoslynAnalysisRunner has terminated.
Mono: successfully reloaded assembly
- Completed reload, in  4.020 seconds
Platform modules already initialized, skipping
Refreshing native plugins compatible for Editor in 1.46 ms, found 0 plugins.
Preloading 0 native plugins for Editor in 0.00 ms.
Unloading 1689 Unused Serialized files (Serialized files now loaded: 0)
System memory in use before: 77.9 MB.
System memory in use after: 78.0 MB.

Unloading 33 unused Assets to reduce memory usage. Loaded Objects now: 2257.
Total: 16.525100 ms (FindLiveObjects: 1.075400 ms CreateObjectMapping: 0.196300 ms MarkObjects: 15.172200 ms  DeleteObjects: 0.069200 ms)

========================================================================
Received Prepare
Registering precompiled user dll's ...
Registered in 0.005768 seconds.
Begin MonoManager ReloadAssembly
Native extension for WindowsStandalone target not found
Refreshing native plugins compatible for Editor in 2.47 ms, found 0 plugins.
Preloading 0 native plugins for Editor in 0.00 ms.
Invoked RoslynAnalysisRunner static constructor.
RoslynAnalysisRunner will not be running.
RoslynAnalysisRunner has terminated.
Mono: successfully reloaded assembly
- Completed reload, in  6.553 seconds
Platform modules already initialized, skipping
Refreshing native plugins compatible for Editor in 1.99 ms, found 0 plugins.
Preloading 0 native plugins for Editor in 0.00 ms.
Unloading 1689 Unused Serialized files (Serialized files now loaded: 0)
System memory in use before: 77.9 MB.
System memory in use after: 78.0 MB.

Unloading 33 unused Assets to reduce memory usage. Loaded Objects now: 2260.
Total: 18.819200 ms (FindLiveObjects: 0.687800 ms CreateObjectMapping: 0.142600 ms MarkObjects: 17.905800 ms  DeleteObjects: 0.070800 ms)

========================================================================
Received Prepare
Registering precompiled user dll's ...
Registered in 0.007442 seconds.
Begin MonoManager ReloadAssembly
Native extension for WindowsStandalone target not found
Refreshing native plugins compatible for Editor in 1.35 ms, found 0 plugins.
Preloading 0 native plugins for Editor in 0.00 ms.
Invoked RoslynAnalysisRunner static constructor.
RoslynAnalysisRunner will not be running.
RoslynAnalysisRunner has terminated.
Mono: successfully reloaded assembly
- Completed reload, in  3.799 seconds
Platform modules already initialized, skipping
Refreshing native plugins compatible for Editor in 1.25 ms, found 0 plugins.
Preloading 0 native plugins for Editor in 0.00 ms.
Unloading 1689 Unused Serialized files (Serialized files now loaded: 0)
System memory in use before: 77.9 MB.
System memory in use after: 78.0 MB.

Unloading 33 unused Assets to reduce memory usage. Loaded Objects now: 2263.
Total: 11.815400 ms (FindLiveObjects: 0.546400 ms CreateObjectMapping: 0.121700 ms MarkObjects: 11.075300 ms  DeleteObjects: 0.062000 ms)

========================================================================
Received Prepare
Registering precompiled user dll's ...
Registered in 0.125438 seconds.
Begin MonoManager ReloadAssembly
Native extension for WindowsStandalone target not found
Refreshing native plugins compatible for Editor in 1.20 ms, found 0 plugins.
Preloading 0 native plugins for Editor in 0.00 ms.
Invoked RoslynAnalysisRunner static constructor.
RoslynAnalysisRunner will not be running.
RoslynAnalysisRunner has terminated.
Mono: successfully reloaded assembly
- Completed reload, in  3.206 seconds
Platform modules already initialized, skipping
Refreshing native plugins compatible for Editor in 1.38 ms, found 0 plugins.
Preloading 0 native plugins for Editor in 0.00 ms.
Unloading 1689 Unused Serialized files (Serialized files now loaded: 0)
System memory in use before: 77.9 MB.
System memory in use after: 78.0 MB.

Unloading 33 unused Assets to reduce memory usage. Loaded Objects now: 2266.
Total: 13.362700 ms (FindLiveObjects: 0.506700 ms CreateObjectMapping: 0.116600 ms MarkObjects: 12.670500 ms  DeleteObjects: 0.058500 ms)

========================================================================
Received Prepare
Registering precompiled user dll's ...
Registered in 0.005341 seconds.
Begin MonoManager ReloadAssembly
Native extension for WindowsStandalone target not found
Refreshing native plugins compatible for Editor in 1.24 ms, found 0 plugins.
Preloading 0 native plugins for Editor in 0.00 ms.
Invoked RoslynAnalysisRunner static constructor.
RoslynAnalysisRunner will not be running.
RoslynAnalysisRunner has terminated.
Mono: successfully reloaded assembly
- Completed reload, in  2.446 seconds
Platform modules already initialized, skipping
Refreshing native plugins compatible for Editor in 1.24 ms, found 0 plugins.
Preloading 0 native plugins for Editor in 0.00 ms.
Unloading 1689 Unused Serialized files (Serialized files now loaded: 0)
System memory in use before: 77.9 MB.
System memory in use after: 78.0 MB.

Unloading 33 unused Assets to reduce memory usage. Loaded Objects now: 2269.
Total: 12.279600 ms (FindLiveObjects: 0.438900 ms CreateObjectMapping: 0.111500 ms MarkObjects: 11.655500 ms  DeleteObjects: 0.064200 ms)

========================================================================
Received Prepare
Refreshing native plugins compatible for Editor in 20.28 ms, found 0 plugins.
Preloading 0 native plugins for Editor in 0.00 ms.
Unloading 31 Unused Serialized files (Serialized files now loaded: 0)
System memory in use before: 44.5 MB.
System memory in use after: 44.6 MB.

Unloading 31 unused Assets to reduce memory usage. Loaded Objects now: 2269.
Total: 12.067600 ms (FindLiveObjects: 0.442700 ms CreateObjectMapping: 0.104000 ms MarkObjects: 11.446700 ms  DeleteObjects: 0.063500 ms)

========================================================================
Received Prepare
Registering precompiled user dll's ...
Registered in 0.005464 seconds.
Begin MonoManager ReloadAssembly
Native extension for WindowsStandalone target not found
Refreshing native plugins compatible for Editor in 1.20 ms, found 0 plugins.
Preloading 0 native plugins for Editor in 0.00 ms.
Invoked RoslynAnalysisRunner static constructor.
RoslynAnalysisRunner will not be running.
RoslynAnalysisRunner has terminated.
Mono: successfully reloaded assembly
- Completed reload, in  2.453 seconds
Platform modules already initialized, skipping
Refreshing native plugins compatible for Editor in 1.23 ms, found 0 plugins.
Preloading 0 native plugins for Editor in 0.00 ms.
Unloading 1689 Unused Serialized files (Serialized files now loaded: 0)
System memory in use before: 77.9 MB.
System memory in use after: 78.0 MB.

Unloading 33 unused Assets to reduce memory usage. Loaded Objects now: 2272.
Total: 12.452700 ms (FindLiveObjects: 0.480800 ms CreateObjectMapping: 0.114000 ms MarkObjects: 11.791900 ms  DeleteObjects: 0.055800 ms)

========================================================================
Received Prepare
Registering precompiled user dll's ...
Registered in 0.005680 seconds.
Begin MonoManager ReloadAssembly
Native extension for WindowsStandalone target not found
Refreshing native plugins compatible for Editor in 3.72 ms, found 0 plugins.
Preloading 0 native plugins for Editor in 0.00 ms.
Invoked RoslynAnalysisRunner static constructor.
RoslynAnalysisRunner will not be running.
RoslynAnalysisRunner has terminated.
Mono: successfully reloaded assembly
- Completed reload, in  4.256 seconds
Platform modules already initialized, skipping
Refreshing native plugins compatible for Editor in 1.26 ms, found 0 plugins.
Preloading 0 native plugins for Editor in 0.00 ms.
Unloading 1689 Unused Serialized files (Serialized files now loaded: 0)
System memory in use before: 77.9 MB.
System memory in use after: 78.0 MB.

Unloading 33 unused Assets to reduce memory usage. Loaded Objects now: 2275.
Total: 16.686400 ms (FindLiveObjects: 0.457800 ms CreateObjectMapping: 0.139200 ms MarkObjects: 16.021700 ms  DeleteObjects: 0.058400 ms)

========================================================================
Received Prepare
Registering precompiled user dll's ...
Registered in 0.005953 seconds.
Begin MonoManager ReloadAssembly
Native extension for WindowsStandalone target not found
Refreshing native plugins compatible for Editor in 1.32 ms, found 0 plugins.
Preloading 0 native plugins for Editor in 0.00 ms.
Invoked RoslynAnalysisRunner static constructor.
RoslynAnalysisRunner will not be running.
RoslynAnalysisRunner has terminated.
Mono: successfully reloaded assembly
- Completed reload, in  3.497 seconds
Platform modules already initialized, skipping
Refreshing native plugins compatible for Editor in 1.29 ms, found 0 plugins.
Preloading 0 native plugins for Editor in 0.00 ms.
Unloading 1689 Unused Serialized files (Serialized files now loaded: 0)
System memory in use before: 77.9 MB.
System memory in use after: 78.1 MB.

Unloading 33 unused Assets to reduce memory usage. Loaded Objects now: 2278.
Total: 63.021500 ms (FindLiveObjects: 2.275200 ms CreateObjectMapping: 0.190300 ms MarkObjects: 60.478900 ms  DeleteObjects: 0.065300 ms)

========================================================================
Received Prepare
Registering precompiled user dll's ...
Registered in 0.005563 seconds.
Begin MonoManager ReloadAssembly
Native extension for WindowsStandalone target not found
Refreshing native plugins compatible for Editor in 1.27 ms, found 0 plugins.
Preloading 0 native plugins for Editor in 0.00 ms.
Invoked RoslynAnalysisRunner static constructor.
RoslynAnalysisRunner will not be running.
RoslynAnalysisRunner has terminated.
Mono: successfully reloaded assembly
- Completed reload, in  4.148 seconds
Platform modules already initialized, skipping
Refreshing native plugins compatible for Editor in 1.32 ms, found 0 plugins.
Preloading 0 native plugins for Editor in 0.00 ms.
Unloading 1689 Unused Serialized files (Serialized files now loaded: 0)
System memory in use before: 77.9 MB.
System memory in use after: 78.1 MB.

Unloading 33 unused Assets to reduce memory usage. Loaded Objects now: 2281.
Total: 15.322200 ms (FindLiveObjects: 0.471700 ms CreateObjectMapping: 0.138400 ms MarkObjects: 14.637200 ms  DeleteObjects: 0.064600 ms)

========================================================================
Received Prepare
Registering precompiled user dll's ...
Registered in 0.009387 seconds.
Begin MonoManager ReloadAssembly
Native extension for WindowsStandalone target not found
Refreshing native plugins compatible for Editor in 1.17 ms, found 0 plugins.
Preloading 0 native plugins for Editor in 0.00 ms.
Invoked RoslynAnalysisRunner static constructor.
RoslynAnalysisRunner will not be running.
RoslynAnalysisRunner has terminated.
Mono: successfully reloaded assembly
- Completed reload, in  3.917 seconds
Platform modules already initialized, skipping
Refreshing native plugins compatible for Editor in 1.59 ms, found 0 plugins.
Preloading 0 native plugins for Editor in 0.00 ms.
Unloading 1689 Unused Serialized files (Serialized files now loaded: 0)
System memory in use before: 77.9 MB.
System memory in use after: 78.1 MB.

Unloading 33 unused Assets to reduce memory usage. Loaded Objects now: 2284.
Total: 16.980500 ms (FindLiveObjects: 0.490500 ms CreateObjectMapping: 0.135500 ms MarkObjects: 16.254300 ms  DeleteObjects: 0.090000 ms)

========================================================================
Received Prepare
Registering precompiled user dll's ...
Registered in 0.006902 seconds.
Begin MonoManager ReloadAssembly
Native extension for WindowsStandalone target not found
Refreshing native plugins compatible for Editor in 1.29 ms, found 0 plugins.
Preloading 0 native plugins for Editor in 0.00 ms.
Invoked RoslynAnalysisRunner static constructor.
RoslynAnalysisRunner will not be running.
RoslynAnalysisRunner has terminated.
Mono: successfully reloaded assembly
- Completed reload, in  4.062 seconds
Platform modules already initialized, skipping
Refreshing native plugins compatible for Editor in 1.46 ms, found 0 plugins.
Preloading 0 native plugins for Editor in 0.00 ms.
Unloading 1689 Unused Serialized files (Serialized files now loaded: 0)
System memory in use before: 78.0 MB.
System memory in use after: 78.1 MB.

Unloading 33 unused Assets to reduce memory usage. Loaded Objects now: 2287.
Total: 36.206400 ms (FindLiveObjects: 2.326300 ms CreateObjectMapping: 0.656700 ms MarkObjects: 33.140100 ms  DeleteObjects: 0.072400 ms)

========================================================================
Received Prepare
Registering precompiled user dll's ...
Registered in 0.005293 seconds.
Begin MonoManager ReloadAssembly
Native extension for WindowsStandalone target not found
Refreshing native plugins compatible for Editor in 1.28 ms, found 0 plugins.
Preloading 0 native plugins for Editor in 0.00 ms.
Invoked RoslynAnalysisRunner static constructor.
RoslynAnalysisRunner will not be running.
RoslynAnalysisRunner has terminated.
Mono: successfully reloaded assembly
- Completed reload, in  3.580 seconds
Platform modules already initialized, skipping
Refreshing native plugins compatible for Editor in 1.30 ms, found 0 plugins.
Preloading 0 native plugins for Editor in 0.00 ms.
Unloading 1689 Unused Serialized files (Serialized files now loaded: 0)
System memory in use before: 78.0 MB.
System memory in use after: 78.1 MB.

Unloading 33 unused Assets to reduce memory usage. Loaded Objects now: 2290.
Total: 16.110600 ms (FindLiveObjects: 0.464600 ms CreateObjectMapping: 0.126800 ms MarkObjects: 15.444200 ms  DeleteObjects: 0.064400 ms)

========================================================================
Received Prepare
Registering precompiled user dll's ...
Registered in 0.006756 seconds.
Begin MonoManager ReloadAssembly
Native extension for WindowsStandalone target not found
Refreshing native plugins compatible for Editor in 1.31 ms, found 0 plugins.
Preloading 0 native plugins for Editor in 0.00 ms.
Invoked RoslynAnalysisRunner static constructor.
RoslynAnalysisRunner will not be running.
RoslynAnalysisRunner has terminated.
Mono: successfully reloaded assembly
- Completed reload, in  3.792 seconds
Platform modules already initialized, skipping
Refreshing native plugins compatible for Editor in 1.33 ms, found 0 plugins.
Preloading 0 native plugins for Editor in 0.00 ms.
Unloading 1689 Unused Serialized files (Serialized files now loaded: 0)
System memory in use before: 78.0 MB.
System memory in use after: 78.1 MB.

Unloading 33 unused Assets to reduce memory usage. Loaded Objects now: 2293.
Total: 15.191400 ms (FindLiveObjects: 0.457100 ms CreateObjectMapping: 0.122600 ms MarkObjects: 14.522700 ms  DeleteObjects: 0.078500 ms)

========================================================================
Received Prepare
Registering precompiled user dll's ...
Registered in 0.005600 seconds.
Begin MonoManager ReloadAssembly
Native extension for WindowsStandalone target not found
Refreshing native plugins compatible for Editor in 1.28 ms, found 0 plugins.
Preloading 0 native plugins for Editor in 0.00 ms.
Invoked RoslynAnalysisRunner static constructor.
RoslynAnalysisRunner will not be running.
RoslynAnalysisRunner has terminated.
Mono: successfully reloaded assembly
- Completed reload, in  3.502 seconds
Platform modules already initialized, skipping
Refreshing native plugins compatible for Editor in 1.41 ms, found 0 plugins.
Preloading 0 native plugins for Editor in 0.00 ms.
Unloading 1689 Unused Serialized files (Serialized files now loaded: 0)
System memory in use before: 78.0 MB.
System memory in use after: 78.1 MB.

Unloading 33 unused Assets to reduce memory usage. Loaded Objects now: 2296.
Total: 19.430600 ms (FindLiveObjects: 0.534400 ms CreateObjectMapping: 0.146300 ms MarkObjects: 18.665600 ms  DeleteObjects: 0.072400 ms)

========================================================================
Received Prepare
Registering precompiled user dll's ...
Registered in 0.006265 seconds.
Begin MonoManager ReloadAssembly
Native extension for WindowsStandalone target not found
Refreshing native plugins compatible for Editor in 1.56 ms, found 0 plugins.
Preloading 0 native plugins for Editor in 0.00 ms.
Invoked RoslynAnalysisRunner static constructor.
RoslynAnalysisRunner will not be running.
RoslynAnalysisRunner has terminated.
Mono: successfully reloaded assembly
- Completed reload, in  2.996 seconds
Platform modules already initialized, skipping
Refreshing native plugins compatible for Editor in 1.27 ms, found 0 plugins.
Preloading 0 native plugins for Editor in 0.00 ms.
Unloading 1689 Unused Serialized files (Serialized files now loaded: 0)
System memory in use before: 78.0 MB.
System memory in use after: 78.1 MB.

Unloading 33 unused Assets to reduce memory usage. Loaded Objects now: 2299.
Total: 12.050400 ms (FindLiveObjects: 0.577200 ms CreateObjectMapping: 0.110100 ms MarkObjects: 11.291700 ms  DeleteObjects: 0.061400 ms)

========================================================================
Received Prepare
Refreshing native plugins compatible for Editor in 20.55 ms, found 0 plugins.
Preloading 0 native plugins for Editor in 0.00 ms.
Unloading 31 Unused Serialized files (Serialized files now loaded: 0)
System memory in use before: 44.6 MB.
System memory in use after: 44.7 MB.

Unloading 31 unused Assets to reduce memory usage. Loaded Objects now: 2299.
Total: 12.416700 ms (FindLiveObjects: 0.500100 ms CreateObjectMapping: 0.122200 ms MarkObjects: 11.730800 ms  DeleteObjects: 0.054000 ms)

